2024-09-09 09:53:35,952 INFO: Есть подключение к БД: spider_2
2024-09-09 09:53:35,953 INFO: Allowed domains: ['arna-news.kz', 'spectr.com.kz', 'aljazeera.com', 'economist.com', 'golos-ameriki.ru', 'tvzvezda.ru', 'forbes.ru', 'pravda.ru', 'expert.ru', 'npr.org', 'prnewswire.co.uk', 'jasqazaq.kz', 'qazaquni.kz', 'qazaqstan.tv', 'mysl.kazgazeta.kz', 'ztb.kz', 'namys.kz', 'timeskz.kz', 'kerekinfo.kz', 'infozakon.kz', 'regtv.kz', 'arna-news.kz', 'almatyzdrav.kz', 'hordelo.kz', 'pavlodarnews.kz']
2024-09-09 09:53:35,953 INFO: Enabled addons:
[]
2024-09-09 09:53:35,954 INFO: Telnet Password: bbbb1c1fa38b907a
2024-09-09 09:53:35,954 INFO: Enabled extensions:
['scrapy.extensions.corestats.CoreStats',
 'scrapy.extensions.telnet.TelnetConsole',
 'scrapy.extensions.memusage.MemoryUsage',
 'scrapy.extensions.logstats.LogStats']
2024-09-09 09:53:35,955 INFO: Overridden settings:
{'BOT_NAME': 'myproject',
 'CONCURRENT_ITEMS': 50,
 'CONCURRENT_REQUESTS': 50,
 'CONCURRENT_REQUESTS_PER_DOMAIN': 10,
 'DEPTH_LIMIT': 2,
 'DOWNLOAD_TIMEOUT': 20,
 'FEED_EXPORT_ENCODING': 'utf-8',
 'LOG_LEVEL': 'INFO',
 'NEWSPIDER_MODULE': 'myproject.spiders',
 'REACTOR_THREADPOOL_MAXSIZE': 20,
 'REQUEST_FINGERPRINTER_IMPLEMENTATION': '2.7',
 'RETRY_TIMES': 3,
 'SCHEDULER_PRIORITY_QUEUE': 'scrapy.pqueues.DownloaderAwarePriorityQueue',
 'SPIDER_MODULES': ['myproject.spiders'],
 'USER_AGENT': 'Mozilla/5.0 (Windows NT 10.0; Win64; x64) AppleWebKit/537.36 '
               '(KHTML, like Gecko) Chrome/58.0.3029.110 Safari/537.3'}
2024-09-09 09:53:35,956 INFO: Enabled downloader middlewares:
['scrapy.downloadermiddlewares.offsite.OffsiteMiddleware',
 'scrapy.downloadermiddlewares.httpauth.HttpAuthMiddleware',
 'scrapy.downloadermiddlewares.downloadtimeout.DownloadTimeoutMiddleware',
 'scrapy.downloadermiddlewares.defaultheaders.DefaultHeadersMiddleware',
 'scrapy.downloadermiddlewares.useragent.UserAgentMiddleware',
 'scrapy.downloadermiddlewares.retry.RetryMiddleware',
 'scrapy.downloadermiddlewares.redirect.MetaRefreshMiddleware',
 'scrapy.downloadermiddlewares.httpcompression.HttpCompressionMiddleware',
 'scrapy.downloadermiddlewares.redirect.RedirectMiddleware',
 'scrapy.downloadermiddlewares.cookies.CookiesMiddleware',
 'scrapy.downloadermiddlewares.httpproxy.HttpProxyMiddleware',
 'scrapy.downloadermiddlewares.stats.DownloaderStats']
2024-09-09 09:53:35,956 INFO: Enabled spider middlewares:
['scrapy.spidermiddlewares.httperror.HttpErrorMiddleware',
 'scrapy.spidermiddlewares.referer.RefererMiddleware',
 'scrapy.spidermiddlewares.urllength.UrlLengthMiddleware',
 'scrapy.spidermiddlewares.depth.DepthMiddleware']
2024-09-09 09:53:35,956 INFO: Enabled item pipelines:
[]
2024-09-09 09:53:35,956 INFO: Spider opened
2024-09-09 09:53:35,957 INFO: Crawled 0 pages (at 0 pages/min), scraped 0 items (at 0 items/min)
2024-09-09 09:53:35,958 INFO: Telnet console listening on 127.0.0.1:6025
2024-09-09 09:53:39,980 INFO: Заголовок отсутствует для https://www.pravda.ru/
2024-09-09 09:53:40,961 WARNING: Новость добавлена в базу: https://www.pravda.ru/news/recipes/2092251-rulet-s-vetchinoi/
2024-09-09 09:53:41,011 WARNING: Новость добавлена в базу: https://jasqazaq.kz/bajlanys/
2024-09-09 09:53:41,748 WARNING: Новость добавлена в базу: https://www.pravda.ru/news/travel/2092598-bezopasnoe-mesto-v-samolete/
2024-09-09 09:53:42,100 WARNING: Новость добавлена в базу: https://jasqazaq.kz/gazet-redaktsiyasy/
2024-09-09 09:53:42,576 WARNING: Новость добавлена в базу: https://www.pravda.ru/news/sport/2092644-sport-posle-bolezni/
2024-09-09 09:53:42,773 INFO: Контент отсутствует для https://qazaqstan.tv/videos/198951
2024-09-09 09:53:42,914 WARNING: Новость добавлена в базу: https://jasqazaq.kz/tyrkistan-oblys-politsiyasy-aukhymdy-is-sharalar-otkizdi/
2024-09-09 09:53:42,924 INFO: Заголовок отсутствует для http://kerekinfo.kz/
2024-09-09 09:53:43,520 INFO: Заголовок отсутствует для https://www.pravda.ru/realty/design_and_interior/
2024-09-09 09:53:44,050 INFO: Заголовок отсутствует для http://kerekinfo.kz/index/page407/
2024-09-09 09:53:44,147 INFO: Контент отсутствует для https://expert.ru/
2024-09-09 09:53:44,178 WARNING: Новость добавлена в базу: https://jasqazaq.kz/tyrkistan-mal-yrlagan-ystaldy-esirtki-sakhtagan-tytyldy/
2024-09-09 09:53:44,740 WARNING: Новость добавлена в базу: https://www.pravda.ru/news/realty/2092642-bed-placement-tips/
2024-09-09 09:53:45,355 INFO: Контент отсутствует для https://qazaqstan.tv/videos/198954
2024-09-09 09:53:45,690 INFO: Заголовок отсутствует для https://expert.ru/personal/
2024-09-09 09:53:46,384 WARNING: Новость добавлена в базу: https://jasqazaq.kz/tyrkistan-tartip-sakhshylary-futbol-da-ojnajdy-manerlep-okhudy-da-mengergen/
2024-09-09 09:53:46,472 INFO: Заголовок отсутствует для http://kerekinfo.kz/index/page3/
2024-09-09 09:53:46,494 INFO: Заголовок отсутствует для https://www.pravda.ru/gardening/ovoshchi/
2024-09-09 09:53:46,890 INFO: Контент отсутствует для http://hordelo.kz
2024-09-09 09:53:47,546 INFO: Ссылка уже существует в базе TEMP: https://qazaqstan.tv/news/198797/
2024-09-09 09:53:47,582 INFO: Контент отсутствует для https://www.qazaquni.kz/news/page/816
2024-09-09 09:53:48,428 WARNING: Новость добавлена в базу: https://spectr.com.kz/ekonomika/biznes/5589-narusheniya-po-nds-biznesmeny-poluchayut-uvedomleniya.html
2024-09-09 09:53:48,771 INFO: Заголовок отсутствует для https://www.pravda.ru/gardening/
2024-09-09 09:53:48,794 INFO: Заголовок отсутствует для http://kerekinfo.kz/index/page405/
2024-09-09 09:53:49,776 WARNING: Новость добавлена в базу: https://jasqazaq.kz/tyrkistan-politsiya-mal-yrlagandardy-khyrykhtady/
2024-09-09 09:53:49,830 INFO: Дата отсутствует для https://expert.ru/public-offer/
2024-09-09 09:53:49,861 INFO: Заголовок отсутствует для http://hordelo.kz/register
2024-09-09 09:53:50,130 INFO: Заголовок отсутствует для http://kerekinfo.kz/profile/assar/
2024-09-09 09:53:50,226 WARNING: Новость добавлена в базу: https://www.pravda.ru/news/gardening/2092681-perec-na-okne/
2024-09-09 09:53:50,906 INFO: Контент отсутствует для https://qazaqstan.tv/videos/197703
2024-09-09 09:53:51,062 INFO: Контент отсутствует для http://hordelo.kz/login
2024-09-09 09:53:51,071 INFO: Заголовок отсутствует для https://www.aljazeera.com/
2024-09-09 09:53:51,875 INFO: Контент отсутствует для https://expert.ru/personal/?register=yes
2024-09-09 09:53:51,912 WARNING: Новость добавлена в базу: https://jasqazaq.kz/atamnyn-amanaty-ardagerler-aldynda-esep-berdi/
2024-09-09 09:53:51,937 INFO: Заголовок отсутствует для http://kerekinfo.kz/index/page5/
2024-09-09 09:53:51,969 WARNING: Новость добавлена в базу: https://www.pravda.ru/news/economics/2092570-bankrotstvo/
2024-09-09 09:53:52,119 INFO: Контент отсутствует для https://www.qazaquni.kz/news/page/3
2024-09-09 09:53:53,052 INFO: Заголовок отсутствует для http://hordelo.kz/radioselect.htm
2024-09-09 09:53:53,877 INFO: Контент отсутствует для https://qazaqstan.tv/videos/195607
2024-09-09 09:53:53,918 INFO: Ссылка уже существует в базе TEMP: https://spectr.com.kz/zhizn/zdorove/5736-pravilnoe-pitanie-abrikosovoe-varene-bez-sakhara.html
2024-09-09 09:53:53,933 INFO: Заголовок отсутствует для https://www.aljazeera.com/xml/rss/all.xml
2024-09-09 09:53:53,979 INFO: Заголовок отсутствует для http://kerekinfo.kz/index/page4/
2024-09-09 09:53:54,468 INFO: Ссылка уже существует в базе TEMP: https://www.pravda.ru/news/science/2092717-fire-safety-tips/
2024-09-09 09:53:54,493 INFO: Ссылка уже существует в базе TEMP: https://www.pravda.ru/news/realty/2092633-budget-friendly-living-room/
2024-09-09 09:53:54,516 INFO: Ссылка уже существует в базе TEMP: https://www.pravda.ru/news/economics/2092589-mjaso/
2024-09-09 09:53:54,542 INFO: Ссылка уже существует в базе TEMP: https://www.pravda.ru/news/beauty/2091857-ingredienty-dlja-domashnikh-masok-dlja-volos/
2024-09-09 09:53:54,834 INFO: Ссылка уже существует в базе TEMP: https://www.pravda.ru/news/zoo/2092735-sobaki-stress/
2024-09-09 09:53:54,914 INFO: Ссылка уже существует в базе TEMP: https://www.pravda.ru/news/beauty/2091825-nizhnee-bele-iz-naturalnykh-tkanei/
2024-09-09 09:53:55,572 INFO: Контент отсутствует для https://expert.ru/personal/?forgot_password=yes
2024-09-09 09:53:55,607 WARNING: Новость добавлена в базу: https://jasqazaq.kz/ajgyl-khasymbekova-balalardyn-khykhygyn-khorgau-basty-mindet/
2024-09-09 09:53:55,660 INFO: Ссылка уже существует в базе TEMP: https://arna-news.kz/v-nomere/o-am-a-bejimdeu-shin/
2024-09-09 09:53:56,722 WARNING: Новость добавлена в базу: http://kerekinfo.kz/2019/01/22/resmi-astanasy-zho-tipti-astana-salatyn-zheri-zho-elderdi-bilesiz-be.html
2024-09-09 09:53:57,249 INFO: Заголовок отсутствует для http://hordelo.kz/index.php/register/
2024-09-09 09:53:57,269 INFO: Ссылка уже существует в базе TEMP: https://www.pravda.ru/news/travel/2092653-riviera-park/
2024-09-09 09:53:57,298 INFO: Ссылка уже существует в базе TEMP: https://www.pravda.ru/news/gardening/2092677-razmnozhenie-pelargonii/
2024-09-09 09:53:57,308 INFO: Заголовок отсутствует для https://www.pravda.ru/beauty/beautyandstyle/
2024-09-09 09:53:57,876 INFO: Контент отсутствует для https://qazaqstan.tv/videos/195882
2024-09-09 09:53:57,933 WARNING: Новость добавлена в базу: https://www.pravda.ru/news/beauty/2091868-skrab-iz-fruktovykh-kostochek/
2024-09-09 09:53:58,050 INFO: Заголовок отсутствует для https://www.pravda.ru/recipes/
2024-09-09 09:53:58,962 WARNING: Новость добавлена в базу: https://jasqazaq.kz/bir-zhagadan-bas-bir-zhennen-khol/
2024-09-09 09:53:58,981 INFO: Ссылка уже существует в базе TEMP: https://arna-news.kz/arna_kz/krasota-jeto-prosto/
2024-09-09 09:53:59,000 INFO: Ссылка уже существует в базе TEMP: https://expert.ru/avto/pervyy-elektromobil-mozhet-stat-poslednim/
2024-09-09 09:53:59,044 INFO: Заголовок отсутствует для http://hordelo.kz/radio
2024-09-09 09:53:59,071 WARNING: Новость добавлена в базу: http://kerekinfo.kz/2019/01/22/zhldyznama-sizge-ay-asyl-tas-sttilik-keledi.html
2024-09-09 09:53:59,446 INFO: Заголовок отсутствует для https://www.pravda.ru/sport/
2024-09-09 09:53:59,701 INFO: Заголовок отсутствует для https://www.pravda.ru/news/accidents/
2024-09-09 09:53:59,712 INFO: Заголовок отсутствует для https://www.pravda.ru/news/society/
2024-09-09 09:53:59,723 INFO: Заголовок отсутствует для https://www.pravda.ru/news/districts/
2024-09-09 09:53:59,841 INFO: Заголовок отсутствует для https://www.pravda.ru/beauty/
2024-09-09 09:54:00,303 INFO: Заголовок отсутствует для https://www.npr.org/
2024-09-09 09:54:00,791 INFO: Контент отсутствует для https://www.economist.com/
2024-09-09 09:54:01,724 WARNING: Новость добавлена в базу: http://kerekinfo.kz/2019/01/23/zhalyzdytan-tylu-shin-ne-isteu-kerek.html
2024-09-09 09:54:02,581 WARNING: Новость добавлена в базу: https://infozakon.kz/gov/25512-v-sko-policeyskie-presekli-krupnoe-hischenie-gerbicidov.html
2024-09-09 09:54:03,057 INFO: Дата отсутствует для https://www.prnewswire.co.uk/resources/
2024-09-09 09:54:03,113 WARNING: Новость добавлена в базу: https://arna-news.kz/v-nomere/otbasy-ba-yt-mekeni/
2024-09-09 09:54:03,141 INFO: Ссылка уже существует в базе TEMP: https://expert.ru/nauka/petr-chumakov-onkoliticheskie-virusy-mogut-v-korne-reshit-problemu-raka/
2024-09-09 09:54:03,286 INFO: Контент отсутствует для http://hordelo.kz/?ccm_paging_p=17
2024-09-09 09:54:04,068 WARNING: Новость добавлена в базу: http://kerekinfo.kz/2019/01/22/bl-picca-basasynan-zgerek-shzhyshamen-dayyndaudy-erekshe-tsili.html
2024-09-09 09:54:06,594 INFO: Заголовок отсутствует для http://hordelo.kz/kassa24/
2024-09-09 09:54:06,620 INFO: Контент отсутствует для https://www.pravda.ru/tags/domashnie-zhivotnye/
2024-09-09 09:54:07,661 INFO: Ссылка уже существует в базе TEMP: https://infozakon.kz/global/10342-senator-s-aytpaeva-rasskazala-o-merah-podderzhki-sirot-i-mnogodetnyh-semey.html
2024-09-09 09:54:07,733 INFO: Дата отсутствует для https://expert.ru/personal-data/
2024-09-09 09:54:08,336 INFO: Ссылка уже существует в базе TEMP: https://www.npr.org/about-npr/179878450/privacy-policy
2024-09-09 09:54:08,386 INFO: Ссылка уже существует в базе TEMP: https://expert.ru/finance/vera-naseleniya-v-banki-rastet/
2024-09-09 09:54:08,645 WARNING: Новость добавлена в базу: http://kerekinfo.kz/2019/01/23/3-knde-5-kg-a-arytatatyn-dietalar-top-10.html
2024-09-09 09:54:08,677 WARNING: Новость добавлена в базу: http://kerekinfo.kz/2019/01/23/su-bolan-ayakiimdi-krish-pen-tz-p-stte-keptirip-beredi.html
2024-09-09 09:54:08,864 INFO: Контент отсутствует для http://hordelo.kz/?ccm_paging_p=6
2024-09-09 09:54:09,350 INFO: Контент отсутствует для https://www.economist.com/newsletters
2024-09-09 09:54:09,575 WARNING: Новость добавлена в базу: https://jasqazaq.kz/ardagerler-patriottykh-tarbienin-parmendiligin-arttyra-tyspek/
2024-09-09 09:54:09,833 INFO: Ссылка уже существует в базе TEMP: https://spectr.com.kz/zhizn/zdorove/5737-bolgarskij-perecz-s-morkovyu-na-zimu.html
