2024-09-09 09:53:36,030 INFO: Есть подключение к БД: spider_5
2024-09-09 09:53:36,030 INFO: Allowed domains: ['astana-piramida.kz', 'astanazan.kz', '103-astana.kz', 'bilimdiler.kz', 'kdts.kz', 'infs.kz', 'sb.by', 'slovo.kg', 'aqjolgazet.kz', 'kerek-info.kz', 'zannews.kz', 'kazakbol.com', 'al-isnad.kz', 'akm.sud.kz', 'gatob.kz', 'kzkazan.ru', 'edunews.kz', 'alakol-aynasy.kz', 'ile-tany.kz', 'adym.kz', 'smartnews.kz', 'ec-sport.kz', 'flyarystan.ru', 'kazaknews.kz', 'kmg.kz']
2024-09-09 09:53:36,030 INFO: Enabled addons:
[]
2024-09-09 09:53:36,031 INFO: Telnet Password: f2e2a90ad639acf5
2024-09-09 09:53:36,031 INFO: Enabled extensions:
['scrapy.extensions.corestats.CoreStats',
 'scrapy.extensions.telnet.TelnetConsole',
 'scrapy.extensions.memusage.MemoryUsage',
 'scrapy.extensions.logstats.LogStats']
2024-09-09 09:53:36,031 INFO: Overridden settings:
{'BOT_NAME': 'myproject',
 'CONCURRENT_ITEMS': 50,
 'CONCURRENT_REQUESTS': 50,
 'CONCURRENT_REQUESTS_PER_DOMAIN': 10,
 'DEPTH_LIMIT': 2,
 'DOWNLOAD_TIMEOUT': 20,
 'FEED_EXPORT_ENCODING': 'utf-8',
 'LOG_LEVEL': 'INFO',
 'NEWSPIDER_MODULE': 'myproject.spiders',
 'REACTOR_THREADPOOL_MAXSIZE': 20,
 'REQUEST_FINGERPRINTER_IMPLEMENTATION': '2.7',
 'RETRY_TIMES': 3,
 'SCHEDULER_PRIORITY_QUEUE': 'scrapy.pqueues.DownloaderAwarePriorityQueue',
 'SPIDER_MODULES': ['myproject.spiders'],
 'USER_AGENT': 'Mozilla/5.0 (Windows NT 10.0; Win64; x64) AppleWebKit/537.36 '
               '(KHTML, like Gecko) Chrome/58.0.3029.110 Safari/537.3'}
2024-09-09 09:53:36,033 INFO: Enabled downloader middlewares:
['scrapy.downloadermiddlewares.offsite.OffsiteMiddleware',
 'scrapy.downloadermiddlewares.httpauth.HttpAuthMiddleware',
 'scrapy.downloadermiddlewares.downloadtimeout.DownloadTimeoutMiddleware',
 'scrapy.downloadermiddlewares.defaultheaders.DefaultHeadersMiddleware',
 'scrapy.downloadermiddlewares.useragent.UserAgentMiddleware',
 'scrapy.downloadermiddlewares.retry.RetryMiddleware',
 'scrapy.downloadermiddlewares.redirect.MetaRefreshMiddleware',
 'scrapy.downloadermiddlewares.httpcompression.HttpCompressionMiddleware',
 'scrapy.downloadermiddlewares.redirect.RedirectMiddleware',
 'scrapy.downloadermiddlewares.cookies.CookiesMiddleware',
 'scrapy.downloadermiddlewares.httpproxy.HttpProxyMiddleware',
 'scrapy.downloadermiddlewares.stats.DownloaderStats']
2024-09-09 09:53:36,033 INFO: Enabled spider middlewares:
['scrapy.spidermiddlewares.httperror.HttpErrorMiddleware',
 'scrapy.spidermiddlewares.referer.RefererMiddleware',
 'scrapy.spidermiddlewares.urllength.UrlLengthMiddleware',
 'scrapy.spidermiddlewares.depth.DepthMiddleware']
2024-09-09 09:53:36,033 INFO: Enabled item pipelines:
[]
2024-09-09 09:53:36,033 INFO: Spider opened
2024-09-09 09:53:36,034 INFO: Crawled 0 pages (at 0 pages/min), scraped 0 items (at 0 items/min)
2024-09-09 09:53:36,036 INFO: Telnet console listening on 127.0.0.1:6028
2024-09-09 09:53:37,664 INFO: Заголовок отсутствует для http://astanazan.kz/
2024-09-09 09:53:37,923 INFO: Ссылка уже существует в базе TEMP: http://astanazan.kz/?p=6298
2024-09-09 09:53:38,197 INFO: Ссылка уже существует в базе TEMP: http://astanazan.kz/?p=6319
2024-09-09 09:53:38,762 INFO: Ссылка уже существует в базе TEMP: http://astanazan.kz/?p=6363
2024-09-09 09:53:40,574 INFO: Контент отсутствует для http://astanazan.kz/?cat=2
2024-09-09 09:53:40,897 INFO: Контент отсутствует для https://kazakbol.com/category/kazak/
2024-09-09 09:53:41,552 INFO: Контент отсутствует для http://astanazan.kz/?cat=4
2024-09-09 09:53:42,827 INFO: Контент отсутствует для https://www.kdts.kz/ru/o-sajte/
2024-09-09 09:53:42,887 INFO: Ссылка уже существует в базе TEMP: http://kzkazan.ru/ru/glava-gosudarstva-vystupil-s-poslaniem-narodu-kazahstana/
2024-09-09 09:53:43,322 INFO: Заголовок отсутствует для https://kazakbol.com/wp-login.php?action=lostpassword&redirect_to=https%3A%2F%2Fkazakbol.com%2F
2024-09-09 09:53:43,767 INFO: Ссылка уже существует в базе TEMP: http://astanazan.kz/?p=6163
2024-09-09 09:53:43,892 INFO: Дата отсутствует для http://kzkazan.ru/ru/news/page/2/
2024-09-09 09:53:44,570 INFO: Контент отсутствует для https://smartnews.kz/ru
2024-09-09 09:53:44,713 INFO: Контент отсутствует для http://astanazan.kz/?cat=3
2024-09-09 09:53:44,748 INFO: Заголовок отсутствует для https://kazakbol.com/wp-login.php?action=lostpassword&redirect_to=https%3A%2F%2Fkazakbol.com%2Fcategory%2Fkazak%2F
2024-09-09 09:53:45,542 INFO: Ссылка уже существует в базе TEMP: http://astanazan.kz/?p=6160
2024-09-09 09:53:45,550 INFO: Контент отсутствует для http://edunews.kz/
2024-09-09 09:53:46,288 INFO: Контент отсутствует для https://smartnews.kz/pages/advertisement
2024-09-09 09:53:46,407 INFO: Заголовок отсутствует для https://zannews.kz/2024/03/
2024-09-09 09:53:46,701 INFO: Ссылка уже существует в базе TEMP: http://astanazan.kz/?p=6427
2024-09-09 09:53:46,750 INFO: Заголовок отсутствует для https://www.sb.by/en/
2024-09-09 09:53:46,924 INFO: Ссылка уже существует в базе TEMP: http://astanazan.kz/?p=6420
2024-09-09 09:53:46,938 INFO: Дата отсутствует для http://kzkazan.ru/ru/news/page/3/
2024-09-09 09:53:46,949 INFO: Заголовок отсутствует для https://kazakbol.com/wp-login.php
2024-09-09 09:53:46,969 INFO: Контент отсутствует для https://www.kdts.kz/en/o-sajte/
2024-09-09 09:53:46,987 INFO: Контент отсутствует для http://astanazan.kz/?cat=3&paged=3
2024-09-09 09:53:47,013 INFO: Ссылка уже существует в базе TEMP: http://astanazan.kz/?p=6260
2024-09-09 09:53:47,041 INFO: Контент отсутствует для http://astanazan.kz/?cat=3&paged=2
2024-09-09 09:53:47,098 INFO: Ссылка уже существует в базе TEMP: http://astanazan.kz/?p=6202
2024-09-09 09:53:48,227 INFO: Ссылка уже существует в базе TEMP: http://astanazan.kz/?p=6430
2024-09-09 09:53:48,266 INFO: Ссылка уже существует в базе TEMP: http://astanazan.kz/?p=6433
2024-09-09 09:53:48,316 INFO: Ссылка уже существует в базе TEMP: http://astanazan.kz/?p=6436
2024-09-09 09:53:48,324 INFO: Контент отсутствует для http://astanazan.kz/?cat=3&paged=50
2024-09-09 09:53:48,658 INFO: Ссылка уже существует в базе TEMP: http://astanazan.kz/?p=6239
2024-09-09 09:53:48,685 INFO: Ссылка уже существует в базе TEMP: http://astanazan.kz/?p=6165
2024-09-09 09:53:48,700 INFO: Ссылка уже существует в базе TEMP: http://astanazan.kz/?p=6196
2024-09-09 09:53:49,541 INFO: Заголовок отсутствует для https://bilimdiler.kz/?do=register
2024-09-09 09:53:49,557 INFO: Контент отсутствует для https://smartnews.kz/ru/pages/advertisement
2024-09-09 09:53:49,566 INFO: Контент отсутствует для https://www.kdts.kz/sajt-turaly/
2024-09-09 09:53:49,596 INFO: Контент отсутствует для https://www.sb.by/cooperation/advertising/publicity/
2024-09-09 09:53:49,628 INFO: Ссылка уже существует в базе TEMP: https://zannews.kz/nasiliya-v-otnoshenii-zhurnalistov-byt-ne-dolzhno/
2024-09-09 09:53:49,991 INFO: Ссылка уже существует в базе TEMP: http://astanazan.kz/?p=6360
2024-09-09 09:53:50,019 WARNING: Новость добавлена в базу: http://astanazan.kz/?p=6301
2024-09-09 09:53:50,039 INFO: Ссылка уже существует в базе TEMP: http://astanazan.kz/?p=6322
2024-09-09 09:53:50,269 WARNING: Новость добавлена в базу: http://astanazan.kz/?p=6389
2024-09-09 09:53:50,998 INFO: Ссылка уже существует в базе TEMP: https://kazakbol.com/delegacziya-kazahstana-gotova-vyletet-vo-vladivostok-v-rf-startuet-viii-vostochnyj-ekonomicheskij-forum/
2024-09-09 09:53:51,265 INFO: Ссылка уже существует в базе TEMP: http://kzkazan.ru/ru/kazahstan-prinyal-uchastie-v-iii-kazanskom-globalnom-molodezhnom-sammite/
2024-09-09 09:53:51,313 INFO: Ссылка уже существует в базе TEMP: http://edunews.kz/editionelect/2634-r-prezident-s-basarmasy-medicinaly-ortalyyny-arlyash-balabashasyny-klder-skemen-alasyny-mektepke-deyng-yymdarymen-tzhribe-almasty.html
2024-09-09 09:53:51,398 INFO: Ссылка уже существует в базе TEMP: http://astanazan.kz/?p=6366
2024-09-09 09:53:51,621 INFO: Заголовок отсутствует для https://www.kmg.kz/ru/press-center/press-releases/?PAGEN_1=128
2024-09-09 09:53:51,633 INFO: Контент отсутствует для https://www.sb.by/cooperation/advertising/radio/
2024-09-09 09:53:51,667 INFO: Ссылка уже существует в базе TEMP: https://zannews.kz/nedobrosovestnaya-konkurentsiya/
2024-09-09 09:53:51,714 WARNING: Новость добавлена в базу: https://bilimdiler.kz/tarbie-sagaty/12834-menin-otanym-kazakstan.html
2024-09-09 09:53:51,734 INFO: Контент отсутствует для https://smartnews.kz/ru/pages/about
2024-09-09 09:53:52,789 INFO: Ссылка уже существует в базе TEMP: http://kzkazan.ru/ru/prezident-kasym-zhomart-tokaev-provel-telefonnyj-razgovor-s-prezidentom-rossii-vladimirom-putinym-2/
2024-09-09 09:53:52,879 WARNING: Новость добавлена в базу: http://astanazan.kz/?p=6204
2024-09-09 09:53:52,900 WARNING: Новость добавлена в базу: http://edunews.kz/top-10/2456-ahmet-baytrsynly-lt-stazy.html
2024-09-09 09:53:52,923 WARNING: Новость добавлена в базу: http://astanazan.kz/?p=5979
2024-09-09 09:53:53,287 INFO: Контент отсутствует для https://www.kdts.kz/ru/zakupki/
2024-09-09 09:53:55,051 INFO: Контент отсутствует для https://bilimdiler.kz/index.php?do=lostpassword
2024-09-09 09:53:55,067 INFO: Заголовок отсутствует для https://smartnews.kz/ru/tv
2024-09-09 09:53:55,078 INFO: Заголовок отсутствует для https://www.kmg.kz/ru/press-center/press-releases/?PAGEN_1=5
2024-09-09 09:53:55,100 INFO: Контент отсутствует для https://www.sb.by/en/tunnel-thinking.html
2024-09-09 09:53:55,118 INFO: Заголовок отсутствует для https://zannews.kz/2024/
2024-09-09 09:53:55,166 WARNING: Новость добавлена в базу: http://astanazan.kz/?p=6192
2024-09-09 09:53:55,212 INFO: Ссылка уже существует в базе TEMP: http://edunews.kz/fotofacts/2438-bolasha-stipendiyasy-84-azamata-berld.html
2024-09-09 09:53:55,251 INFO: Ссылка уже существует в базе TEMP: http://kzkazan.ru/ru/uvazhaemye-grazhdane-6/
2024-09-09 09:53:55,835 INFO: Ссылка уже существует в базе TEMP: https://kazakbol.com/chem-grozit-kazahstanu-svoboda-veroispovedaniya-ot-gosdepartamenta-ssha/
2024-09-09 09:53:56,453 WARNING: Новость добавлена в базу: https://infs.kz/news/oficialno-otkryto-dvizhenie-na-rekonstruirovannom-uchastke-avtodorogi-kurty-burylbaytal-dlinoy
2024-09-09 09:53:56,461 INFO: Заголовок отсутствует для https://www.kdts.kz/ru/novosti/page/3/
2024-09-09 09:53:56,490 WARNING: Новость добавлена в базу: http://astanazan.kz/?p=6168
2024-09-09 09:53:57,814 WARNING: Новость добавлена в базу: http://astanazan.kz/?p=6242
2024-09-09 09:53:58,535 INFO: Ссылка уже существует в базе TEMP: https://astana-piramida.kz/news/view/korruptsiya
2024-09-09 09:53:58,564 INFO: Ссылка уже существует в базе TEMP: https://kazakbol.com/dolgaya-doroga-domoj-ili-neispovedimye-puti-rossijskih-relokantov/
2024-09-09 09:53:58,696 INFO: Контент отсутствует для https://smartnews.kz/ru/popular/week
2024-09-09 09:53:58,709 INFO: Заголовок отсутствует для https://www.kmg.kz/ru/press-center/press-releases/?PAGEN_1=4
2024-09-09 09:53:58,724 INFO: Контент отсутствует для https://www.sb.by/cooperation/advertising/publicity/?PAGEN_2=174
2024-09-09 09:53:58,761 INFO: Ссылка уже существует в базе TEMP: https://zannews.kz/mnenie-eksperta-iz-kyrgyzstana-mozhno-perenyat-opyt-kazahstana-v-zashhite-predprinimatelej-i-investorov/
2024-09-09 09:53:59,471 INFO: Ссылка уже существует в базе TEMP: http://kzkazan.ru/ru/v-nacionalnoj-biblioteke-respubliki-tatarstan-otkrylas-fotovystavka-posvyashhennaya-kazahstanu/
2024-09-09 09:54:00,364 INFO: Контент отсутствует для https://al-isnad.kz/
2024-09-09 09:54:00,394 INFO: Заголовок отсутствует для https://aqjolgazet.kz/page/gazet-tarihyi
2024-09-09 09:54:01,185 INFO: Ссылка уже существует в базе TEMP: http://kzkazan.ru/ru/pozdravlenie-glavy-gosudarstva-kasym-zhomarta-tokaeva-s-dnem-konstitucii-4/
2024-09-09 09:54:01,466 INFO: Ссылка уже существует в базе TEMP: http://kzkazan.ru/ru/kazahstanskie-filmy-voshli-v-programmu-xx-kazanskogo-mezhdunarodnogo-kinofestivalya-altyn-minbar/
2024-09-09 09:54:01,495 INFO: Контент отсутствует для https://gatob.kz/kz/o-teatre/novosti/
2024-09-09 09:54:01,684 WARNING: Новость добавлена в базу: http://astanazan.kz/?p=6236
2024-09-09 09:54:02,922 INFO: Контент отсутствует для https://infs.kz/informacionnye-partnery
2024-09-09 09:54:02,947 INFO: Ссылка уже существует в базе TEMP: https://kazakbol.com/sigarety-brut-raznoobrazie-vkusov-i-osobennosti-vybora/
2024-09-09 09:54:02,965 INFO: Контент отсутствует для https://smartnews.kz/ru/popular/today
2024-09-09 09:54:03,563 INFO: Заголовок отсутствует для https://astanazan.kz/
2024-09-09 09:54:04,378 INFO: Дата отсутствует для https://akm.sud.kz/kaz/news
2024-09-09 09:54:04,394 INFO: Контент отсутствует для https://al-isnad.kz/category/zhizneopisanie-proroka/
2024-09-09 09:54:04,439 INFO: Ссылка уже существует в базе TEMP: http://kzkazan.ru/kk/memleket-basshysy-aza-stan-hal-yna-zholdauyn-zhariyalady/
2024-09-09 09:54:04,451 INFO: Контент отсутствует для http://astanazan.kz/?cat=3&paged=48
2024-09-09 09:54:05,882 INFO: Заголовок отсутствует для https://bilimdiler.kz/janalyktar/
2024-09-09 09:54:06,171 INFO: Ссылка уже существует в базе TEMP: https://gatob.kz/o-teatre/novosti/byugin-maezhiliste-akhparatkha-khol-zhetkizu-zhaene-khoghamdykh-khatysuy-turaly-zan-zhobasy-tanystyryldy-/
2024-09-09 09:54:06,181 INFO: Заголовок отсутствует для https://kerek-info.kz/?do=register
2024-09-09 09:54:06,199 INFO: Ссылка уже существует в базе TEMP: http://edunews.kz/mainnews/195-bolasha-stipendiyasyn-kmder-ielend.html
2024-09-09 09:54:06,222 INFO: Ссылка уже существует в базе TEMP: http://kzkazan.ru/ru/kazahstanskaya-delegaciya-prinyala-uchastie-v-tozhestvennyh-meropriyatiyah-po-sluchaju-450-letiya-osnovaniya-ufy/
2024-09-09 09:54:06,972 INFO: Контент отсутствует для https://kazakbol.com/category/kazak/page/2/
2024-09-09 09:54:07,262 INFO: Контент отсутствует для https://smartnews.kz/ru/pages/contacts
2024-09-09 09:54:07,310 INFO: Заголовок отсутствует для https://www.kmg.kz/ru/press-center/press-releases/?PAGEN_1=67
2024-09-09 09:54:07,345 INFO: Ссылка уже существует в базе TEMP: https://zannews.kz/nazar-salynyz-kazakstandyktar-arasynda-konkurs-zhariyalajmyz/
2024-09-09 09:54:07,356 INFO: Заголовок отсутствует для https://www.kdts.kz/ru/novosti/page/14/
2024-09-09 09:54:07,571 INFO: Контент отсутствует для https://infs.kz/articles/vybor-idealnogo-pomoshchnika-dlya-uborki-doma
2024-09-09 09:54:07,615 INFO: Контент отсутствует для https://bilimdiler.kz/index.php?do=feedback
2024-09-09 09:54:07,800 INFO: Контент отсутствует для https://www.sb.by/en/research-institute-for-ai-standardisation-created-in-china.html
2024-09-09 09:54:07,904 INFO: Ссылка уже существует в базе TEMP: https://astana-piramida.kz/news/view/sostoyalos-zasedanie-za-kruglym-stolom-s-uchastiem-spikerov-informatsionno-razyasnitelnoyi-gruppy-i-sotrudnikov-gkkp-dvortsa-mira-i-soglasiya-akimata-goroda-nur-sultan-po-obsuzhdeniyu-poslaniya-glavy-gosudarstva
2024-09-09 09:54:07,927 INFO: Ссылка уже существует в базе TEMP: https://astana-piramida.kz/news/view/beyibitshilik-zhane-kelisim-sarayiynda-rukhani-kelisim-kunine-arnalgan-respublikalyq-konferentsiya-otti
2024-09-09 09:54:07,957 INFO: Контент отсутствует для https://smartnews.kz/ru/popular/month
2024-09-09 09:54:08,693 INFO: Контент отсутствует для http://astanazan.kz/?cat=3&paged=49
2024-09-09 09:54:08,727 WARNING: Новость добавлена в базу: http://astanazan.kz/?p=17
2024-09-09 09:54:08,748 INFO: Ссылка уже существует в базе TEMP: http://kzkazan.ru/ru/poslanie-glavy-gosudarstva-kasym-zhomarta-tokaeva-narodu-kazahstana-spravedlivyj-kazahstan-zakon-i-poryadok-ekonomicheskij-rost-obshhestvennyj-optimizm/
2024-09-09 09:54:09,659 INFO: Контент отсутствует для https://al-isnad.kz/category/adab/
