2024-09-09 09:53:35,998 INFO: Есть подключение к БД: spider_4
2024-09-09 09:53:35,999 INFO: Allowed domains: ['serke.org', 'sn.kz', '5kanal.info', 'aigak.kz', 'aqtobetv.kz', 'atyrautv.kz', 'aqmeshit.kz', 'panorama.shymkala.kz', 'priru.kz', 'izdatelstvo-sk.kz', 'uakit.kz', 'mygorod.kz', 'caspionews.kz', 'oskemen.info', 'shop.kz', 'el.kz', 'infor.kz', '16news.kz', 'ibirzha.kz', 'kazembassy.ru', 'finprom.kz', 'halaldamu.kz', 'atpress.kz', 'bilimdinews.kz', 'astana.sud.kz']
2024-09-09 09:53:35,999 INFO: Enabled addons:
[]
2024-09-09 09:53:36,000 INFO: Telnet Password: 3fe439089ef3aa0a
2024-09-09 09:53:36,000 INFO: Enabled extensions:
['scrapy.extensions.corestats.CoreStats',
 'scrapy.extensions.telnet.TelnetConsole',
 'scrapy.extensions.memusage.MemoryUsage',
 'scrapy.extensions.logstats.LogStats']
2024-09-09 09:53:36,001 INFO: Overridden settings:
{'BOT_NAME': 'myproject',
 'CONCURRENT_ITEMS': 50,
 'CONCURRENT_REQUESTS': 50,
 'CONCURRENT_REQUESTS_PER_DOMAIN': 10,
 'DEPTH_LIMIT': 2,
 'DOWNLOAD_TIMEOUT': 20,
 'FEED_EXPORT_ENCODING': 'utf-8',
 'LOG_LEVEL': 'INFO',
 'NEWSPIDER_MODULE': 'myproject.spiders',
 'REACTOR_THREADPOOL_MAXSIZE': 20,
 'REQUEST_FINGERPRINTER_IMPLEMENTATION': '2.7',
 'RETRY_TIMES': 3,
 'SCHEDULER_PRIORITY_QUEUE': 'scrapy.pqueues.DownloaderAwarePriorityQueue',
 'SPIDER_MODULES': ['myproject.spiders'],
 'USER_AGENT': 'Mozilla/5.0 (Windows NT 10.0; Win64; x64) AppleWebKit/537.36 '
               '(KHTML, like Gecko) Chrome/58.0.3029.110 Safari/537.3'}
2024-09-09 09:53:36,003 INFO: Enabled downloader middlewares:
['scrapy.downloadermiddlewares.offsite.OffsiteMiddleware',
 'scrapy.downloadermiddlewares.httpauth.HttpAuthMiddleware',
 'scrapy.downloadermiddlewares.downloadtimeout.DownloadTimeoutMiddleware',
 'scrapy.downloadermiddlewares.defaultheaders.DefaultHeadersMiddleware',
 'scrapy.downloadermiddlewares.useragent.UserAgentMiddleware',
 'scrapy.downloadermiddlewares.retry.RetryMiddleware',
 'scrapy.downloadermiddlewares.redirect.MetaRefreshMiddleware',
 'scrapy.downloadermiddlewares.httpcompression.HttpCompressionMiddleware',
 'scrapy.downloadermiddlewares.redirect.RedirectMiddleware',
 'scrapy.downloadermiddlewares.cookies.CookiesMiddleware',
 'scrapy.downloadermiddlewares.httpproxy.HttpProxyMiddleware',
 'scrapy.downloadermiddlewares.stats.DownloaderStats']
2024-09-09 09:53:36,003 INFO: Enabled spider middlewares:
['scrapy.spidermiddlewares.httperror.HttpErrorMiddleware',
 'scrapy.spidermiddlewares.referer.RefererMiddleware',
 'scrapy.spidermiddlewares.urllength.UrlLengthMiddleware',
 'scrapy.spidermiddlewares.depth.DepthMiddleware']
2024-09-09 09:53:36,004 INFO: Enabled item pipelines:
[]
2024-09-09 09:53:36,004 INFO: Spider opened
2024-09-09 09:53:36,004 INFO: Crawled 0 pages (at 0 pages/min), scraped 0 items (at 0 items/min)
2024-09-09 09:53:36,007 INFO: Telnet console listening on 127.0.0.1:6027
2024-09-09 09:53:38,724 INFO: Заголовок отсутствует для https://sn.kz/
2024-09-09 09:53:39,577 INFO: Ссылка уже существует в базе TEMP: https://sn.kz/ekonomika/114099-utilalym-kazakstandyktar-eki-zhylda-447-3-mlrd-tenge-tolegen
2024-09-09 09:53:40,857 INFO: Ссылка уже существует в базе TEMP: https://sn.kz/ekonomika/114755-kazaktelekomnyn-baskarma-ku-ramynda-bagdat-musinnen-bolek-kimder-bar-ekeni-zhariialandy
2024-09-09 09:53:41,626 INFO: Заголовок отсутствует для http://mygorod.kz
2024-09-09 09:53:42,348 INFO: Ссылка уже существует в базе TEMP: https://sn.kz/ekonomika/115301-belsendiler-onlain-kreditke-tyiym-saluga-petitsiia-zhariialady-onai-nesie-kimge-kazhet
2024-09-09 09:53:42,475 INFO: Заголовок отсутствует для http://uakit.kz/archives/category/%d0%b6%d0%b0%d2%a3%d0%b0%d0%bb%d1%8b%d2%9b%d1%82%d0%b0%d1%80
2024-09-09 09:53:42,968 INFO: Контент отсутствует для http://16news.kz/
2024-09-09 09:53:43,053 INFO: Ссылка уже существует в базе TEMP: https://kazembassy.ru/rus/press_centr/novosti/?cid=0&rid=5646
2024-09-09 09:53:43,447 INFO: Ссылка уже существует в базе TEMP: https://sn.kz/sn-sayasat/115831-zhenisimdi-kazak-eline-arnaimyn-lem-chempiony-atangan-sanzhar-erulanuly-khalykk-a-undeu-zholdady
2024-09-09 09:53:44,134 INFO: Заголовок отсутствует для http://16news.kz/kontaktyi
2024-09-09 09:53:44,392 INFO: Заголовок отсутствует для https://kazembassy.ru/rus/site_map/
2024-09-09 09:53:45,211 INFO: Контент отсутствует для https://shop.kz/personal/
2024-09-09 09:53:45,392 INFO: Заголовок отсутствует для https://halaldamu.kz/kk/illegal
2024-09-09 09:53:45,573 WARNING: Новость добавлена в базу: http://16news.kz/tv/gorod/c_bp9_fwqYc
2024-09-09 09:53:46,227 INFO: Ссылка уже существует в базе TEMP: https://sn.kz/sn-sayasat/116004-putinnin-mong-oliiaga-sapary-mong-oliia-nelikten-ony-tutkyndau-turaly-khku-sheshimin-oryndamady
2024-09-09 09:53:46,439 INFO: Ссылка уже существует в базе TEMP: https://kazembassy.ru/rus/press_centr/novosti/?cid=0&rid=5647
2024-09-09 09:53:46,883 WARNING: Новость добавлена в базу: http://16news.kz/tv/gorod/J_e2b0JUbZY-555666888
2024-09-09 09:53:48,454 INFO: Контент отсутствует для https://shop.kz/personal/wishlist/
2024-09-09 09:53:48,526 INFO: Заголовок отсутствует для https://kazembassy.ru/rus/posolstvo/posol/fotogalereya/?cid=488
2024-09-09 09:53:48,551 WARNING: Новость добавлена в базу: http://16news.kz/tv/obschestvo/cHgIJEp5YaQ
2024-09-09 09:53:48,592 INFO: Ссылка уже существует в базе TEMP: https://sn.kz/sn-sayasat/116003-germaniianyn-federaldyk-kantsleri-kazakstanga-saparmen-kelmek
2024-09-09 09:53:50,124 INFO: Контент отсутствует для http://16news.kz/marketing
2024-09-09 09:53:50,276 INFO: Заголовок отсутствует для https://halaldamu.kz/kk/halal
2024-09-09 09:53:51,016 INFO: Заголовок отсутствует для https://kazembassy.ru/rus/press_centr/fotogalereya/?cid=83
2024-09-09 09:53:51,248 INFO: Ссылка уже существует в базе TEMP: https://sn.kz/sn-sayasat/116005-mang-ystau-oblysynda-koshede-kokys-tasityn-kolik-ortenip-zharylys-boldy-video
2024-09-09 09:53:51,567 WARNING: Новость добавлена в базу: https://sn.kz/sn-aleumet/114620-atak-satu-biznesin-kim-toktatady-murat-benov
2024-09-09 09:53:51,583 INFO: Ссылка уже существует в базе TEMP: https://sn.kz/okigalar/114872-ielin-ortep-zhibergen-taraz-turgyny-ozine-kol-zhumsady
2024-09-09 09:53:51,598 INFO: Ссылка уже существует в базе TEMP: https://sn.kz/okigalar/114812-aktauda-iel-oiyn-alanynda-tanymaityn-balany-uryp-sokk-an-video
2024-09-09 09:53:51,613 INFO: Ссылка уже существует в базе TEMP: https://sn.kz/okigalar/114774-bir-ailyk-balasy-kaldy-kostanaida-iel-8-kabattan-sekirip-kaza-tapty
2024-09-09 09:53:51,791 WARNING: Новость добавлена в базу: https://www.5kanal.info/index.php/8-novosti/6443-m-mishustin-zayavil-o-rassmotrenii-novogo-zakonoproekta-o-naznachenii-ministrov-zdravookhraneniya
2024-09-09 09:53:51,800 INFO: Контент отсутствует для http://16news.kz/about
2024-09-09 09:53:52,034 INFO: Контент отсутствует для https://shop.kz/auth/?login=yes&backurl=%2Fpersonal%2Forders%2F4172845%2F
2024-09-09 09:53:52,150 INFO: Ссылка уже существует в базе TEMP: http://panorama.shymkala.kz/index.php/city/item/8701-glava-gosudarstva-provel-soveshchanie-po-podgotovke-k-v-vsemirnym-igram-kochevnikov
2024-09-09 09:53:52,771 INFO: Ссылка уже существует в базе TEMP: https://sn.kz/sn-akparat-agyny/115991-almatyda-mopedshi-zhaiau-zhurginshini-kagyp-okiga-ornynan-kashyp-ketti-video
2024-09-09 09:53:53,078 INFO: Ссылка уже существует в базе TEMP: https://sn.kz/okigalar/114797-kostanaida-eki-boks-bapkeri-barista-zhigitti-balagattap-sokk-yga-zhykty
2024-09-09 09:53:53,096 INFO: Ссылка уже существует в базе TEMP: https://sn.kz/sn-aleumet/114874-allanyn-kalauymen-dep-aituga-tyiym-salynbagan-zhurnalist-sportshylarga-bulling-zhasaudy-dogaruga-shakyrdy
2024-09-09 09:53:53,115 INFO: Ссылка уже существует в базе TEMP: https://sn.kz/ekonomika/113872-almaty-kimdigi-men-bta-bank-aksh-ta-khrapunov-pen-biliazovka-karsy-sottasty
2024-09-09 09:53:53,140 WARNING: Новость добавлена в базу: https://sn.kz/sn-aleumet/114850-zhetimin-zhylatpagan-zhesirin-kang-ytpagan-degen-sozdin-torkinin-tusindim-sezindim-siriiadan-oralgan-kelinshektin-okigasy
2024-09-09 09:53:53,160 WARNING: Новость добавлена в базу: https://sn.kz/sn-aleumet/114795-saiasaty-sanyrau-biligi-kanyrau-kogamy-menireu-ulty-enireude-zhurgen-el-dosai-kenzhetai
2024-09-09 09:53:53,811 INFO: Заголовок отсутствует для https://kazembassy.ru/rus/press_centr/fotogalereya/?cid=259
2024-09-09 09:53:53,828 INFO: Контент отсутствует для http://16news.kz/news/&f=&page=114
2024-09-09 09:53:53,944 INFO: Ссылка уже существует в базе TEMP: https://sn.kz/sn-sport/116027-boksshy-makhmud-sabyrkhan-shanyrak-koterdi
2024-09-09 09:53:53,959 INFO: Ссылка уже существует в базе TEMP: https://sn.kz/sn-akparat-agyny/116019-paralimpiada-2024-kazakstandyk-sportshy-kola-zhuldeger-atandy
2024-09-09 09:53:54,079 INFO: Заголовок отсутствует для https://halaldamu.kz/kk/category/zhanalyqtar/3
2024-09-09 09:53:55,000 INFO: Ссылка уже существует в базе TEMP: https://sn.kz/sn-akparat-agyny/116028-duisenbide-elimizdin-basym-boliginde-aua-raiyna-bailanysty-eskertu-zhasaldy
2024-09-09 09:53:55,009 INFO: Контент отсутствует для https://sn.kz/tag/%D1%88%D0%BE%D1%83-%D0%B1%D0%B8%D0%B7%D0%BD%D0%B5%D1%81/
2024-09-09 09:53:55,019 INFO: Контент отсутствует для https://sn.kz/sn-tylsym
2024-09-09 09:53:55,029 INFO: Контент отсутствует для https://sn.kz/adv
2024-09-09 09:53:55,380 WARNING: Новость добавлена в базу: https://www.5kanal.info/index.php/8-novosti/3261-doyarka-iz-krasnoyarskogo-kraya-e-semjonova-zanyala-chetvertoe-mesto-na-vserossijskom-konkurse-operatorov-mashinnogo-doeniya-korov
2024-09-09 09:53:55,676 INFO: Ссылка уже существует в базе TEMP: https://sn.kz/sn-akparat-agyny/116022-komandiri-ok-atty-prokuratura-mang-ystaudagy-sarbazdyn-olimine-katysty-tergeu-bastalganyn-m-limdedi
2024-09-09 09:53:55,701 INFO: Контент отсутствует для https://aigak.kz/bz-tural/
2024-09-09 09:53:55,718 INFO: Ссылка уже существует в базе TEMP: https://sn.kz/sn-akparat-agyny/116033-kazakstandyk-baluan-lem-chempionatynda-kola-zhuldeger-atandy
2024-09-09 09:53:56,522 INFO: Ссылка уже существует в базе TEMP: https://aqtobetv.kz/kz/news/32158
2024-09-09 09:53:56,536 INFO: Ссылка уже существует в базе TEMP: https://atyrautv.kz/kz/news/35643
2024-09-09 09:53:56,548 INFO: Контент отсутствует для http://16news.kz/news/&f=&page=112
2024-09-09 09:53:56,746 INFO: Контент отсутствует для https://sn.kz/bajlanys
2024-09-09 09:53:57,170 INFO: Ссылка уже существует в базе TEMP: https://sn.kz/sn-sport/116024-astanada-5-shi-duniezhuzilik-koshpendiler-oiyndarynyn-ashylu-saltanaty-bastaldy
2024-09-09 09:53:57,821 INFO: Заголовок отсутствует для https://kazembassy.ru/rus/press_centr/fotogalereya/?cid=442
2024-09-09 09:53:58,806 WARNING: Новость добавлена в базу: https://www.5kanal.info/index.php/8-novosti/3269-gubernator-kraya-a-uss-my-mozhem-gorditsya-tem-chto-prinadlezhim-krasnoyarskomu-narodu
2024-09-09 09:53:58,822 INFO: Контент отсутствует для http://16news.kz/news/&f=&page=111
2024-09-09 09:53:59,543 INFO: Заголовок отсутствует для https://halaldamu.kz/kk/category/zhanalyqtar/2
2024-09-09 09:53:59,812 INFO: Ссылка уже существует в базе TEMP: http://panorama.shymkala.kz/index.php/city/item/8703-klassy-zhas-sa-shy-posetili-politsejskie
2024-09-09 09:53:59,825 INFO: Заголовок отсутствует для http://mygorod.kz/?page_id=1000
2024-09-09 09:54:00,202 INFO: Заголовок отсутствует для https://izdatelstvo-sk.kz/
2024-09-09 09:54:00,216 INFO: Контент отсутствует для https://sn.kz/tag/%D2%93%D0%B0%D0%BB%D1%8B%D0%BC/
2024-09-09 09:54:00,232 INFO: Ссылка уже существует в базе TEMP: https://aqtobetv.kz/kz/news/32157
2024-09-09 09:54:00,246 INFO: Ссылка уже существует в базе TEMP: https://atyrautv.kz/kz/news/35639
2024-09-09 09:54:00,254 INFO: Контент отсутствует для https://sn.kz/tag/%D0%9E%D0%BB%D0%B8%D0%BC%D0%BF%D0%B8%D0%B0%D0%B4%D0%B0/
2024-09-09 09:54:00,659 INFO: Контент отсутствует для https://shop.kz/personal/profiles/
2024-09-09 09:54:01,412 INFO: Ссылка уже существует в базе TEMP: https://aigak.kz/2024/04/03/trkstan-rne-kelgen-shetel-turistern-san-5-ese-artt/
2024-09-09 09:54:01,701 WARNING: Новость добавлена в базу: http://16news.kz/news/town/REKORDYI-EST-7666
2024-09-09 09:54:02,447 INFO: Ссылка уже существует в базе TEMP: https://sn.kz/sn-akparat-agyny/116032-bugin-olimpiada-chempiony-eldos-smetovtyn-tugan-kuni-video
2024-09-09 09:54:02,740 WARNING: Новость добавлена в базу: http://16news.kz/tv/obschestvo/V8y8THafKhg
2024-09-09 09:54:02,985 WARNING: Новость добавлена в базу: https://www.5kanal.info/index.php/8-novosti/3271-deputat-zakonodatelnogo-sobraniya-kraya-a-gliskov-partiya-ldpr-predlagaet-obyazat-glav-mestnogo-samoupravleniya-vesti-lichnyj-priem-zhitelej
2024-09-09 09:54:02,995 INFO: Заголовок отсутствует для https://halaldamu.kz/kk/category/zhanalyqtar/5
2024-09-09 09:54:03,006 INFO: Заголовок отсутствует для https://kazembassy.ru/rus/perepis_naseleniya_2021/
2024-09-09 09:54:03,341 INFO: Заголовок отсутствует для http://mygorod.kz/?tag=%d0%b2%d0%bb%d0%b0%d1%81%d1%82%d1%8c
2024-09-09 09:54:04,014 INFO: Контент отсутствует для http://16news.kz/news/&f=&page=113
2024-09-09 09:54:04,097 INFO: Контент отсутствует для http://panorama.shymkala.kz/index.php/component/mailto/?tmpl=component&template=noo_noonews&link=b38567c88985b67ddfbc28113a471a99c6ba67b9
2024-09-09 09:54:04,324 INFO: Контент отсутствует для https://sn.kz/tag/%D0%BA%D3%A9%D1%88%D0%BF%D0%B5%D0%BD%D0%B4%D1%96%D0%BB%D0%B5%D1%80%20%D0%BE%D0%B9%D1%8B%D0%BD%D1%8B/
2024-09-09 09:54:04,340 INFO: Ссылка уже существует в базе TEMP: https://aqtobetv.kz/kz/news/32148
2024-09-09 09:54:04,356 INFO: Ссылка уже существует в базе TEMP: https://atyrautv.kz/kz/news/35631
2024-09-09 09:54:04,748 INFO: Заголовок отсутствует для http://mygorod.kz/?tag=%d0%b2-%d0%bc%d0%b8%d1%80%d0%b5
2024-09-09 09:54:05,800 INFO: Заголовок отсутствует для https://halaldamu.kz/kk/category/zhanalyqtar/143
2024-09-09 09:54:06,006 INFO: Заголовок отсутствует для https://aqmeshit.kz/
2024-09-09 09:54:06,311 INFO: Заголовок отсутствует для http://mygorod.kz/cdn-cgi/l/email-protection
2024-09-09 09:54:06,332 WARNING: Новость добавлена в базу: http://16news.kz/news/proisshestviya/Avtovora-ugnavshego-i-podzhegshego-avtomobil-zaderzhali-politseyskie-v-Ust-Kamenogorske-8165
2024-09-09 09:54:06,509 WARNING: Новость добавлена в базу: http://16news.kz/news/town/V-Ust-Kamenogorske-iz-za-ugrozyi-podema-vodyi-zakryit-proezd-pod-Ulbinskim-mostom-6025
2024-09-09 09:54:07,062 INFO: Заголовок отсутствует для https://kazembassy.ru/rus/konsulstvo/novosti_konsulstvo/
2024-09-09 09:54:07,189 INFO: Ссылка уже существует в базе TEMP: https://halaldamu.kz/kk/p/tbe-ajs-zhne-milky-land-st-nimderi-tekserildi
2024-09-09 09:54:07,562 INFO: Ссылка уже существует в базе TEMP: https://aqtobetv.kz/kz/news/32159
2024-09-09 09:54:07,587 INFO: Ссылка уже существует в базе TEMP: https://atyrautv.kz/kz/news/35644
2024-09-09 09:54:07,634 INFO: Заголовок отсутствует для https://kazembassy.ru/rus/press_centr/fotogalereya/?cid=519
2024-09-09 09:54:07,821 WARNING: Новость добавлена в базу: https://www.5kanal.info/index.php/8-novosti/3260-gubernator-a-uss-proinspektiroval-rabotu-punkta-priema-i-pogruzki-drevesiny-ooo-tsentr-sibiri-v-bolshemurtinskom-rajone
2024-09-09 09:54:07,969 INFO: Контент отсутствует для https://sn.kz/tag/%D0%B0%D1%88%D1%8B%D0%BB%D1%83%20%D1%80%D3%99%D1%81%D1%96%D0%BC%D1%96/
2024-09-09 09:54:08,007 WARNING: Новость добавлена в базу: https://www.5kanal.info/index.php/8-novosti/6442-na-press-konferentsii-a-uss-rasskazal-o-predstoyashchej-gazifikatsii-regiona
2024-09-09 09:54:08,024 INFO: Ссылка уже существует в базе TEMP: https://halaldamu.kz/kk/p/halal-damu-ltty-akkreditteu-ortalyynan-saraptamadan-tudeg
2024-09-09 09:54:08,763 INFO: Контент отсутствует для http://panorama.shymkala.kz/index.php/component/mailto/?tmpl=component&template=noo_noonews&link=ea0a6e6c14396bad54d53702d0c2c9b17523fe78
2024-09-09 09:54:08,774 WARNING: Новость добавлена в базу: http://16news.kz/news/sport/Voleybolnaya-komanda-VKO-stala-pobeditelem-CHempionata-Kazahstana-3930
