2024-09-09 09:53:36,082 INFO: Есть подключение к БД: spider_7
2024-09-09 09:53:36,083 INFO: Allowed domains: ['hantengrigazeti.kz', 'grr.kz', 'kazniilha.kz', 'avtovozov.kz', 'angime.kz', 'atr.sud.kz', 'ayu.edu.kz', 'ayu.edu.kz', 'paryz.kz', 'akylkenes.kz', 'tenderbot.kz', 'kk.ef-ca.kz', 'economy.kz', 'ozgepikir.kz', 'allbanks.kz', 'tan.kz', 'kyzmet-gazeti.kz', 'bizmedia.kz', 'dknews.kz', 'kazenergy.com', 'edu-tradeunion.kz', 'pospeliha.ru', 'lenta.profinansy.ru', 'moscowtimes.io', 'umarovnews.kz']
2024-09-09 09:53:36,083 INFO: Enabled addons:
[]
2024-09-09 09:53:36,084 INFO: Telnet Password: 699811e0aac838ed
2024-09-09 09:53:36,084 INFO: Enabled extensions:
['scrapy.extensions.corestats.CoreStats',
 'scrapy.extensions.telnet.TelnetConsole',
 'scrapy.extensions.memusage.MemoryUsage',
 'scrapy.extensions.logstats.LogStats']
2024-09-09 09:53:36,085 INFO: Overridden settings:
{'BOT_NAME': 'myproject',
 'CONCURRENT_ITEMS': 50,
 'CONCURRENT_REQUESTS': 50,
 'CONCURRENT_REQUESTS_PER_DOMAIN': 10,
 'DEPTH_LIMIT': 2,
 'DOWNLOAD_TIMEOUT': 20,
 'FEED_EXPORT_ENCODING': 'utf-8',
 'LOG_LEVEL': 'INFO',
 'NEWSPIDER_MODULE': 'myproject.spiders',
 'REACTOR_THREADPOOL_MAXSIZE': 20,
 'REQUEST_FINGERPRINTER_IMPLEMENTATION': '2.7',
 'RETRY_TIMES': 3,
 'SCHEDULER_PRIORITY_QUEUE': 'scrapy.pqueues.DownloaderAwarePriorityQueue',
 'SPIDER_MODULES': ['myproject.spiders'],
 'USER_AGENT': 'Mozilla/5.0 (Windows NT 10.0; Win64; x64) AppleWebKit/537.36 '
               '(KHTML, like Gecko) Chrome/58.0.3029.110 Safari/537.3'}
2024-09-09 09:53:36,086 INFO: Enabled downloader middlewares:
['scrapy.downloadermiddlewares.offsite.OffsiteMiddleware',
 'scrapy.downloadermiddlewares.httpauth.HttpAuthMiddleware',
 'scrapy.downloadermiddlewares.downloadtimeout.DownloadTimeoutMiddleware',
 'scrapy.downloadermiddlewares.defaultheaders.DefaultHeadersMiddleware',
 'scrapy.downloadermiddlewares.useragent.UserAgentMiddleware',
 'scrapy.downloadermiddlewares.retry.RetryMiddleware',
 'scrapy.downloadermiddlewares.redirect.MetaRefreshMiddleware',
 'scrapy.downloadermiddlewares.httpcompression.HttpCompressionMiddleware',
 'scrapy.downloadermiddlewares.redirect.RedirectMiddleware',
 'scrapy.downloadermiddlewares.cookies.CookiesMiddleware',
 'scrapy.downloadermiddlewares.httpproxy.HttpProxyMiddleware',
 'scrapy.downloadermiddlewares.stats.DownloaderStats']
2024-09-09 09:53:36,087 INFO: Enabled spider middlewares:
['scrapy.spidermiddlewares.httperror.HttpErrorMiddleware',
 'scrapy.spidermiddlewares.referer.RefererMiddleware',
 'scrapy.spidermiddlewares.urllength.UrlLengthMiddleware',
 'scrapy.spidermiddlewares.depth.DepthMiddleware']
2024-09-09 09:53:36,087 INFO: Enabled item pipelines:
[]
2024-09-09 09:53:36,087 INFO: Spider opened
2024-09-09 09:53:36,087 INFO: Crawled 0 pages (at 0 pages/min), scraped 0 items (at 0 items/min)
2024-09-09 09:53:36,089 INFO: Telnet console listening on 127.0.0.1:6030
2024-09-09 09:53:37,319 WARNING: Remote certificate is not valid for hostname "www.almaty.tv"; VerificationError(errors=[DNSMismatch(mismatched_id=DNS_ID(hostname=b'www.almaty.tv'))])
2024-09-09 09:53:37,457 INFO: Ignoring response <404 http://avtovozov.kz/novosti/>: HTTP status code is not handled or not allowed
2024-09-09 09:53:37,784 INFO: Дата отсутствует для http://kazniilha.kz/content/otdel-selekcii/lang-
2024-09-09 09:53:38,132 INFO: Контент отсутствует для http://kazniilha.kz/content/9388-07-03-19-12-00-32-novosti/start-108
2024-09-09 09:53:38,599 INFO: Контент отсутствует для http://kazniilha.kz/content/9388-07-03-19-12-00-32-novosti/start-90
2024-09-09 09:53:39,049 INFO: Контент отсутствует для http://kazniilha.kz/content/9388-07-03-19-12-00-32-novosti/start-72
2024-09-09 09:53:39,446 INFO: Контент отсутствует для http://kazniilha.kz/content/9388-07-03-19-12-00-32-novosti/start-54
2024-09-09 09:53:39,544 INFO: Контент отсутствует для http://ayu.edu.kz/birimler/en/4-muhendislik-fakultesi
2024-09-09 09:53:40,359 INFO: Ignoring link (url length > 2083): http://www.google.com/calendar/event?action=TEMPLATE&text=%D0%90%D0%BB%D0%BB%D0%BE,%20%D0%B1%D2%B1%D0%BB%20%D0%BA%D1%96%D0%BC?&dates=20240909T043500Z+06/20240909T043500Z+06&details=%D0%A1%D1%82%D1%83%D0%B4%D0%B8%D1%8F%20%D2%9B%D0%BE%D0%BD%D0%B0%D2%93%D1%8B%20%D3%A9%D0%B7%D1%96%D0%BD%D0%B5%20%D0%B1%D0%B5%D1%80%D1%96%D0%BB%D0%B3%D0%B5%D0%BD%20%D1%82%D0%B5%D0%BB%D0%B5%D1%84%D0%BE%D0%BD%20%D0%BD%D3%A9%D0%BC%D1%96%D1%80%D1%96%D0%BD%D0%B5%20%D2%9B%D0%BE%D2%A3%D1%8B%D1%80%D0%B0%D1%83%20%D1%88%D0%B0%D0%BB%D1%8B%D0%BF,%203%20%D0%BC%D0%B8%D0%BD%D1%83%D1%82%20%D1%96%D1%88%D1%96%D0%BD%D0%B4%D0%B5%20%D0%B0%D0%BB%D0%B4%D1%8B%D0%BD%20%D0%B0%D0%BB%D0%B0%20%D0%B4%D0%B0%D0%B9%D1%8B%D0%BD%D0%B4%D0%B0%D0%BB%D2%93%D0%B0%D0%BD%2010%20%D1%81%D3%A9%D0%B7%D0%B4%D1%96%20%D2%9B%D0%B0%D1%82%D1%8B%D1%81%D1%82%D1%8B%D1%80%D0%B0%20%D0%BE%D1%82%D1%8B%D1%80%D1%8B%D0%BF,%20%D1%81%D2%B1%D1%85%D0%B1%D0%B0%D1%82%D1%82%D0%B0%D1%81%D1%83%D1%8B%20%D0%BA%D0%B5%D1%80%D0%B5%D0%BA.%20%D0%A1%D2%B1%D1%85%D0%B1%D0%B0%D1%82%D1%82%D0%B0%20%D2%9B%D0%BE%D0%BB%D0%B4%D0%B0%D0%BD%D1%8B%D0%BB%D2%93%D0%B0%D0%BD%20%D3%99%D1%80%20%D1%81%D3%A9%D0%B7%D0%B3%D0%B5%20100%20%D2%B1%D0%BF%D0%B0%D0%B9,%20%D0%B0%D0%BB%20%D1%81%D3%A9%D0%B9%D0%BB%D0%B5%D1%81%D1%96%D0%BF%20%D0%BE%D1%82%D1%8B%D1%80%D2%93%D0%B0%D0%BD%20%D0%B0%D0%B4%D0%B0%D0%BC%20%D0%BA%D0%B5%D0%BB%D1%96%D1%81%D1%96%D0%BC%D0%B3%D0%B5%20%D0%BA%D0%B5%D0%BB%D1%81%D0%B5%201000%20%D2%B1%D0%BF%D0%B0%D0%B9,%20%D0%BA%D0%B5%D0%BB%D1%96%D1%81%D1%96%D0%BC%D0%B3%D0%B5%20%D0%BA%D0%B5%D0%BB%D0%BC%D0%B5%D0%B9,%20%D0%BA%D0%B5%D1%80%D1%96%D1%81%D1%96%D0%BD%D1%88%D0%B5%20%D0%B4%D3%A9%D1%80%D0%B5%D0%BA%D1%96%20%D1%81%D3%A9%D0%B9%D0%BB%D0%B5%D1%81%D0%B5%20250%20%D2%B1%D0%BF%D0%B0%D0%B9%20%D0%B1%D0%B5%D1%80%D1%96%D0%BB%D0%B5%D0%B4%D1%96.%20%D0%91%D2%B1%D0%BB%20%D1%88%D0%BE%D1%83%D0%B4%D0%B0%20%D0%B5%D2%A3%20%D0%BA%D1%80%D0%B5%D0%B0%D1%82%D0%B8%D0%B2%D1%82%D1%96,%20%D1%82%D0%B0%D0%BF%D2%9B%D1%8B%D1%80%20%D0%B6%D3%99%D0%BD%D0%B5%20%D0%B8%D0%BC%D0%BF%D1%80%D0%BE%D0%B2%D0%B8%D0%B7%D0%B0%D1%86%D0%B8%D1%8F%20%D1%88%D0%B5%D0%B1%D0%B5%D1%80%D1%96%20%D2%93%D0%B0%D0%BD%D0%B0%20%D0%B6%D0%B5%D2%A3%D1%96%D1%81%D0%BA%D0%B5%20%D0%B6%D0%B5%D1%82%D0%B5%D0%B4%D1%96!&location=https://tv7.kz/ru/live/&trp=true&sprop=name:tv7.kz 
2024-09-09 09:53:40,400 INFO: Контент отсутствует для http://kazniilha.kz/content/9388-07-03-19-12-00-32-novosti/start-36
2024-09-09 09:53:40,469 INFO: Контент отсутствует для https://angime.kz/contacts/
2024-09-09 09:53:40,538 INFO: Контент отсутствует для http://ayu.edu.kz/ru/4265/yesevi-universitesi-gazetesi/
2024-09-09 09:53:40,589 INFO: Ignoring link (url length > 2083): http://www.google.com/calendar/event?action=TEMPLATE&text=%D0%96%D0%B5%D1%82%D1%96%D0%BD%D1%88%D1%96%20%D1%81%D1%82%D1%83%D0%B4%D0%B8%D1%8F&dates=20240910T004000Z+06/20240910T004000Z+06&details=%C2%AB%D0%96%D0%B5%D1%82%D1%96%D0%BD%D1%88%D1%96%20%D1%81%D1%82%D1%83%D0%B4%D0%B8%D1%8F%C2%BB%20%E2%80%94%20%D1%82%D0%BE%D0%BA-%D1%88%D0%BE%D1%83%20%D1%81%20%D0%B2%D0%B5%D0%B4%D1%83%D1%89%D0%B8%D0%BC%20%D0%9D%D0%B0%D1%80%D1%82%D0%B0%D0%B5%D0%BC%20%D0%90%D1%80%D0%B0%D0%BB%D0%B1%D0%B0%D0%B9%D1%83%D0%BB%D1%8B,%20%D0%BA%D0%BE%D1%82%D0%BE%D1%80%D0%BE%D0%B5%20%D0%BE%D1%85%D0%B2%D0%B0%D1%82%D1%8B%D0%B2%D0%B0%D0%B5%D1%82%20%D0%B0%D0%BA%D1%82%D1%83%D0%B0%D0%BB%D1%8C%D0%BD%D1%8B%D0%B5%20%D1%81%D0%BE%D0%B1%D1%8B%D1%82%D0%B8%D1%8F%20%D0%B8%20%D0%BA%D0%BB%D1%8E%D1%87%D0%B5%D0%B2%D1%8B%D0%B5%20%D0%B2%D0%BE%D0%BF%D1%80%D0%BE%D1%81%D1%8B%20%D0%BF%D0%BE%D0%BB%D0%B8%D1%82%D0%B8%D0%BA%D0%B8.%20%D0%92%D0%B5%D0%B4%D1%83%D1%89%D0%B8%D0%B9%20%D0%BE%D0%B1%D1%81%D1%83%D0%B6%D0%B4%D0%B0%D0%B5%D1%82%20%D1%82%D0%B0%D0%BA%D0%B8%D0%B5%20%D1%82%D0%B5%D0%BC%D1%8B,%20%D0%BA%D0%B0%D0%BA%20%D0%BC%D0%B5%D0%B6%D0%B4%D1%83%D0%BD%D0%B0%D1%80%D0%BE%D0%B4%D0%BD%D1%8B%D0%B5%20%D0%BE%D1%82%D0%BD%D0%BE%D1%88%D0%B5%D0%BD%D0%B8%D1%8F,%20%D1%8D%D0%BA%D0%BE%D0%BD%D0%BE%D0%BC%D0%B8%D1%87%D0%B5%D1%81%D0%BA%D0%B8%D0%B5%20%D1%82%D1%80%D0%B5%D0%BD%D0%B4%D1%8B,%20%D1%81%D0%BE%D1%86%D0%B8%D0%B0%D0%BB%D1%8C%D0%BD%D1%8B%D0%B5%20%D0%B8%D0%B7%D0%BC%D0%B5%D0%BD%D0%B5%D0%BD%D0%B8%D1%8F.%20%D0%97%D1%80%D0%B8%D1%82%D0%B5%D0%BB%D0%B8%20%D0%B8%D0%BC%D0%B5%D1%8E%D1%82%20%D0%B2%D0%BE%D0%B7%D0%BC%D0%BE%D0%B6%D0%BD%D0%BE%D1%81%D1%82%D1%8C%20%D1%83%D1%87%D0%B0%D1%81%D1%82%D0%B2%D0%BE%D0%B2%D0%B0%D1%82%D1%8C%20%D0%B2%20%D0%BF%D0%B5%D1%80%D0%B5%D0%B4%D0%B0%D1%87%D0%B5%20%D1%87%D0%B5%D1%80%D0%B5%D0%B7%20%D1%81%D0%BE%D1%86%D0%B8%D0%B0%D0%BB%D1%8C%D0%BD%D1%8B%D0%B5%20%D1%81%D0%B5%D1%82%D0%B8,%20%D0%BE%D1%82%D0%BF%D1%80%D0%B0%D0%B2%D0%BB%D1%8F%D1%8F%20%D1%81%D0%B2%D0%BE%D0%B8%20%D0%BA%D0%BE%D0%BC%D0%BC%D0%B5%D0%BD%D1%82%D0%B0%D1%80%D0%B8%D0%B8%20%D0%B8%20%D0%BF%D1%80%D0%B5%D0%B4%D0%BB%D0%BE%D0%B6%D0%B5%D0%BD%D0%B8%D1%8F.&location=https://tv7.kz/ru/live/&trp=true&sprop=name:tv7.kz 
2024-09-09 09:53:40,596 INFO: Ignoring link (url length > 2083): http://www.google.com/calendar/event?action=TEMPLATE&text=%D3%98%D0%99%D0%93%D0%95%D0%A0%D0%86%D0%9C%20%D0%A1%D0%95%D0%99%D0%A4%D0%9E%D0%9B%D0%9B%D0%90%D0%9D%D0%AB%D2%A2%20%D0%A1%D0%AB%D0%A0%D0%9B%D0%90%D0%A1%D0%A3%D0%AB&dates=20240911T003000Z+06/20240911T003000Z+06&details=%C2%AB%D3%98%D0%B9%D0%B3%D0%B5%D1%80%D1%96%D0%BC%20%D0%A1%D0%B5%D0%B9%D1%84%D0%BE%D0%BB%D0%BB%D0%B0%D0%BD%D1%8B%D2%A3%20%D1%81%D1%8B%D1%80%D0%BB%D0%B0%D1%81%D1%83%D1%8B%C2%BB%20%E2%80%94%20%D1%8D%D1%82%D0%BE%20%D0%BD%D0%B5%20%D0%BF%D1%80%D0%BE%D1%81%D1%82%D0%BE%20%D1%80%D0%B0%D0%B7%D0%B3%D0%BE%D0%B2%D0%BE%D1%80,%20%D0%B0%20%D0%B8%D1%81%D0%BA%D1%80%D0%B5%D0%BD%D0%BD%D0%B8%D0%B9%20%D0%B4%D0%B8%D0%B0%D0%BB%D0%BE%D0%B3,%20%D0%B2%20%D0%BA%D0%BE%D1%82%D0%BE%D1%80%D0%BE%D0%BC%20%D0%B2%D0%B5%D0%B4%D1%83%D1%89%D0%B0%D1%8F,%20%D3%98%D0%B9%D0%B3%D0%B5%D1%80%D1%96%D0%BC%20%D0%A1%D0%B5%D0%B9%D1%84%D0%BE%D0%BB%D0%BB%D0%B0,%20%D1%81%D1%82%D1%80%D0%B5%D0%BC%D0%B8%D1%82%D1%81%D1%8F%20%D0%BD%D0%B5%20%D1%82%D0%BE%D0%BB%D1%8C%D0%BA%D0%BE%20%D0%B7%D0%B0%D0%B4%D0%B0%D1%82%D1%8C%20%D0%B2%D0%BE%D0%BF%D1%80%D0%BE%D1%81%D1%8B,%20%D0%BD%D0%BE%20%D0%B8%20%D0%BF%D0%BE-%D0%BD%D0%B0%D1%81%D1%82%D0%BE%D1%8F%D1%89%D0%B5%D0%BC%D1%83%20%D0%BF%D0%BE%D0%BD%D1%8F%D1%82%D1%8C%20%D1%81%D0%B2%D0%BE%D0%B8%D1%85%20%D0%B3%D0%BE%D1%81%D1%82%D0%B5%D0%B9,%20%D0%BF%D0%BE%D1%87%D1%83%D0%B2%D1%81%D1%82%D0%B2%D0%BE%D0%B2%D0%B0%D1%82%D1%8C%20%D0%B8%D1%85%20%D0%BF%D0%B5%D1%80%D0%B5%D0%B6%D0%B8%D0%B2%D0%B0%D0%BD%D0%B8%D1%8F%20%D0%B8%20%D1%8D%D0%BC%D0%BE%D1%86%D0%B8%D0%B8.%20%D0%9E%D0%BD%D0%B0%20%D1%81%D1%82%D0%B0%D1%80%D0%B0%D0%B5%D1%82%D1%81%D1%8F%20%D1%81%D0%BE%D0%B7%D0%B4%D0%B0%D1%82%D1%8C%20%D0%B4%D0%BE%D0%B2%D0%B5%D1%80%D0%B8%D1%82%D0%B5%D0%BB%D1%8C%D0%BD%D1%83%D1%8E%20%D0%B0%D1%82%D0%BC%D0%BE%D1%81%D1%84%D0%B5%D1%80%D1%83,%20%D0%B2%20%D0%BA%D0%BE%D1%82%D0%BE%D1%80%D0%BE%D0%B9%20%D0%B3%D0%B5%D1%80%D0%BE%D0%B8%20%D0%BF%D1%80%D0%BE%D0%B3%D1%80%D0%B0%D0%BC%D0%BC%D1%8B%20%D0%BC%D0%BE%D0%B3%D1%83%D1%82%20%D0%BE%D1%82%D0%BA%D1%80%D1%8B%D1%82%D1%8C%D1%81%D1%8F%20%D0%B8%20%D0%BF%D0%BE%D0%B4%D0%B5%D0%BB%D0%B8%D1%82%D1%8C%D1%81%D1%8F%20%D1%81%D0%B2%D0%BE%D0%B8%D0%BC%D0%B8%20%D1%81%D0%B0%D0%BC%D1%8B%D0%BC%D0%B8%20%D1%81%D0%BE%D0%BA%D1%80%D0%BE%D0%B2%D0%B5%D0%BD%D0%BD%D1%8B%D0%BC%D0%B8%20%D0%BC%D1%8B%D1%81%D0%BB%D1%8F%D0%BC%D0%B8%20%D0%B8%20%D0%BF%D0%B5%D1%80%D0%B5%D0%B6%D0%B8%D0%B2%D0%B0%D0%BD%D0%B8%D1%8F%D0%BC%D0%B8.&location=https://tv7.kz/ru/live/&trp=true&sprop=name:tv7.kz 
2024-09-09 09:53:40,730 INFO: Ignoring link (url length > 2083): http://www.google.com/calendar/event?action=TEMPLATE&text=Late%20night%20show%20with%20%D0%94%D0%B8%D0%BD%D0%B0%D1%80%D0%B0%20%D0%A1%D0%B0%D1%82%D0%B6%D0%B0%D0%BD&dates=20240912T003000Z+06/20240912T003000Z+06&details=%C2%ABLate%20night%20show%20with%20%D0%94%D0%B8%D0%BD%D0%B0%D1%80%D0%B0%20%D0%A1%D0%B0%D1%82%D0%B6%D0%B0%D0%BD%C2%BB%20%E2%80%94%20%D1%8D%D1%82%D0%BE%20%D1%80%D0%B0%D0%B7%D0%B2%D0%BB%D0%B5%D0%BA%D0%B0%D1%82%D0%B5%D0%BB%D1%8C%D0%BD%D0%BE%D0%B5%20%D1%88%D0%BE%D1%83,%20%D0%B3%D0%B4%D0%B5%20%D0%BF%D1%80%D0%B8%D0%B3%D0%BB%D0%B0%D1%88%D0%B5%D0%BD%D0%BD%D1%8B%D0%B5%20%D0%B3%D0%BE%D1%81%D1%82%D0%B8%20%D0%B1%D0%B5%D1%81%D0%B5%D0%B4%D1%83%D1%8E%D1%82%20%D1%81%20%D0%B2%D0%B5%D0%B4%D1%83%D1%89%D0%B5%D0%B9%20%D0%BF%D1%80%D0%BE%D0%B5%D0%BA%D1%82%D0%B0,%20%D1%80%D0%B0%D1%81%D1%81%D0%BA%D0%B0%D0%B7%D1%8B%D0%B2%D0%B0%D1%8E%D1%82%20%D0%BE%20%D1%81%D0%B2%D0%BE%D0%B5%D0%B9%20%D1%80%D0%B0%D0%B1%D0%BE%D1%82%D0%B5,%20%D0%B6%D0%B8%D0%B7%D0%BD%D0%B8%20%D0%B8%D0%BB%D0%B8%20%D0%BC%D0%BE%D0%B3%D1%83%D1%82%20%D1%83%D1%87%D0%B0%D1%81%D1%82%D0%B2%D0%BE%D0%B2%D0%B0%D1%82%D1%8C%20%D0%B2%20%D0%BA%D0%BE%D0%BC%D0%B5%D0%B4%D0%B8%D0%B9%D0%BD%D1%8B%D1%85%20%D1%81%D0%B5%D0%B3%D0%BC%D0%B5%D0%BD%D1%82%D0%B0%D1%85.%20%D0%92%D0%B5%D0%B4%D1%83%D1%89%D0%B0%D1%8F%20%D0%B8%20%D0%B5%D0%B5%20%D0%BA%D0%BE%D0%BC%D0%B0%D0%BD%D0%B4%D0%B0%20%D0%BF%D1%80%D0%B5%D0%B4%D1%81%D1%82%D0%B0%D0%B2%D0%BB%D1%8F%D1%8E%D1%82%20%D1%80%D0%B0%D0%B7%D0%BB%D0%B8%D1%87%D0%BD%D1%8B%D0%B5%20%D1%8E%D0%BC%D0%BE%D1%80%D0%B8%D1%81%D1%82%D0%B8%D1%87%D0%B5%D1%81%D0%BA%D0%B8%D0%B5%20%D1%81%D1%86%D0%B5%D0%BD%D0%B0%D1%80%D0%B8%D0%B8,%20%D1%81%D0%BA%D0%B5%D1%82%D1%87%D0%B8,%20%D0%BF%D0%B0%D1%80%D0%BE%D0%B4%D0%B8%D0%B8%20%D0%B8%D0%BB%D0%B8%20%D0%B8%D0%B3%D1%80%D1%8B,%20%D0%BA%D0%BE%D1%82%D0%BE%D1%80%D1%8B%D0%B5%20%D0%BC%D0%BE%D0%B3%D1%83%D1%82%20%D0%B1%D1%8B%D1%82%D1%8C%20%D1%81%D0%B2%D1%8F%D0%B7%D0%B0%D0%BD%D1%8B%20%D1%81%20%D0%B0%D0%BA%D1%82%D1%83%D0%B0%D0%BB%D1%8C%D0%BD%D1%8B%D0%BC%D0%B8%20%D1%81%D0%BE%D0%B1%D1%8B%D1%82%D0%B8%D1%8F%D0%BC%D0%B8%20%D0%B8%D0%BB%D0%B8%20%D0%BF%D1%80%D0%BE%D1%81%D1%82%D0%BE%20%D1%81%D0%BB%D1%83%D0%B6%D0%B8%D1%82%D1%8C%20%D0%B4%D0%BB%D1%8F%20%D1%80%D0%B0%D0%B7%D0%B2%D0%BB%D0%B5%D1%87%D0%B5%D0%BD%D0%B8%D1%8F%20%D0%B7%D1%80%D0%B8%D1%82%D0%B5%D0%BB%D0%B5%D0%B9.&location=https://tv7.kz/ru/live/&trp=true&sprop=name:tv7.kz 
2024-09-09 09:53:40,754 INFO: Контент отсутствует для http://kazniilha.kz/content/9388-07-03-19-12-00-32-novosti/start-18
2024-09-09 09:53:41,092 INFO: Ignoring link (url length > 2083): http://www.google.com/calendar/event?action=TEMPLATE&text=%D3%98%D0%99%D0%93%D0%95%D0%A0%D0%86%D0%9C%20%D0%A1%D0%95%D0%99%D0%A4%D0%9E%D0%9B%D0%9B%D0%90%D0%9D%D0%AB%D2%A2%20%D0%A1%D0%AB%D0%A0%D0%9B%D0%90%D0%A1%D0%A3%D0%AB&dates=20240914T225000Z+06/20240914T225000Z+06&details=%C2%AB%D3%98%D0%B9%D0%B3%D0%B5%D1%80%D1%96%D0%BC%20%D0%A1%D0%B5%D0%B9%D1%84%D0%BE%D0%BB%D0%BB%D0%B0%D0%BD%D1%8B%D2%A3%20%D1%81%D1%8B%D1%80%D0%BB%D0%B0%D1%81%D1%83%D1%8B%C2%BB%20%E2%80%94%20%D1%8D%D1%82%D0%BE%20%D0%BD%D0%B5%20%D0%BF%D1%80%D0%BE%D1%81%D1%82%D0%BE%20%D1%80%D0%B0%D0%B7%D0%B3%D0%BE%D0%B2%D0%BE%D1%80,%20%D0%B0%20%D0%B8%D1%81%D0%BA%D1%80%D0%B5%D0%BD%D0%BD%D0%B8%D0%B9%20%D0%B4%D0%B8%D0%B0%D0%BB%D0%BE%D0%B3,%20%D0%B2%20%D0%BA%D0%BE%D1%82%D0%BE%D1%80%D0%BE%D0%BC%20%D0%B2%D0%B5%D0%B4%D1%83%D1%89%D0%B0%D1%8F,%20%D3%98%D0%B9%D0%B3%D0%B5%D1%80%D1%96%D0%BC%20%D0%A1%D0%B5%D0%B9%D1%84%D0%BE%D0%BB%D0%BB%D0%B0,%20%D1%81%D1%82%D1%80%D0%B5%D0%BC%D0%B8%D1%82%D1%81%D1%8F%20%D0%BD%D0%B5%20%D1%82%D0%BE%D0%BB%D1%8C%D0%BA%D0%BE%20%D0%B7%D0%B0%D0%B4%D0%B0%D1%82%D1%8C%20%D0%B2%D0%BE%D0%BF%D1%80%D0%BE%D1%81%D1%8B,%20%D0%BD%D0%BE%20%D0%B8%20%D0%BF%D0%BE-%D0%BD%D0%B0%D1%81%D1%82%D0%BE%D1%8F%D1%89%D0%B5%D0%BC%D1%83%20%D0%BF%D0%BE%D0%BD%D1%8F%D1%82%D1%8C%20%D1%81%D0%B2%D0%BE%D0%B8%D1%85%20%D0%B3%D0%BE%D1%81%D1%82%D0%B5%D0%B9,%20%D0%BF%D0%BE%D1%87%D1%83%D0%B2%D1%81%D1%82%D0%B2%D0%BE%D0%B2%D0%B0%D1%82%D1%8C%20%D0%B8%D1%85%20%D0%BF%D0%B5%D1%80%D0%B5%D0%B6%D0%B8%D0%B2%D0%B0%D0%BD%D0%B8%D1%8F%20%D0%B8%20%D1%8D%D0%BC%D0%BE%D1%86%D0%B8%D0%B8.%20%D0%9E%D0%BD%D0%B0%20%D1%81%D1%82%D0%B0%D1%80%D0%B0%D0%B5%D1%82%D1%81%D1%8F%20%D1%81%D0%BE%D0%B7%D0%B4%D0%B0%D1%82%D1%8C%20%D0%B4%D0%BE%D0%B2%D0%B5%D1%80%D0%B8%D1%82%D0%B5%D0%BB%D1%8C%D0%BD%D1%83%D1%8E%20%D0%B0%D1%82%D0%BC%D0%BE%D1%81%D1%84%D0%B5%D1%80%D1%83,%20%D0%B2%20%D0%BA%D0%BE%D1%82%D0%BE%D1%80%D0%BE%D0%B9%20%D0%B3%D0%B5%D1%80%D0%BE%D0%B8%20%D0%BF%D1%80%D0%BE%D0%B3%D1%80%D0%B0%D0%BC%D0%BC%D1%8B%20%D0%BC%D0%BE%D0%B3%D1%83%D1%82%20%D0%BE%D1%82%D0%BA%D1%80%D1%8B%D1%82%D1%8C%D1%81%D1%8F%20%D0%B8%20%D0%BF%D0%BE%D0%B4%D0%B5%D0%BB%D0%B8%D1%82%D1%8C%D1%81%D1%8F%20%D1%81%D0%B2%D0%BE%D0%B8%D0%BC%D0%B8%20%D1%81%D0%B0%D0%BC%D1%8B%D0%BC%D0%B8%20%D1%81%D0%BE%D0%BA%D1%80%D0%BE%D0%B2%D0%B5%D0%BD%D0%BD%D1%8B%D0%BC%D0%B8%20%D0%BC%D1%8B%D1%81%D0%BB%D1%8F%D0%BC%D0%B8%20%D0%B8%20%D0%BF%D0%B5%D1%80%D0%B5%D0%B6%D0%B8%D0%B2%D0%B0%D0%BD%D0%B8%D1%8F%D0%BC%D0%B8.&location=https://tv7.kz/ru/live/&trp=true&sprop=name:tv7.kz 
2024-09-09 09:53:41,130 INFO: Дата отсутствует для http://ayu.edu.kz/birimler/en/4-muhendislik-fakultesi/haberler/120
2024-09-09 09:53:41,390 INFO: Ignoring link (url length > 2083): http://www.google.com/calendar/event?action=TEMPLATE&text=%C2%AB%D0%97%D0%B4%D0%BE%D1%80%D0%BE%D0%B2%D1%8C%D0%B5%20%D1%81%20%D0%90%D0%B9%D0%BD%D1%83%D1%80%20%D0%A2%D0%B0%D0%B6%D0%B8%D0%BD%D0%BE%D0%B9%C2%BB&dates=20240915T093000Z+06/20240915T093000Z+06&details=%D0%9F%D1%80%D0%BE%D0%B3%D1%80%D0%B0%D0%BC%D0%BC%D0%B0,%20%D0%BF%D0%BE%D1%81%D0%B2%D1%8F%D1%89%D0%B5%D0%BD%D0%BD%D0%B0%D1%8F%20%D1%81%D0%BE%D0%B2%D1%80%D0%B5%D0%BC%D0%B5%D0%BD%D0%BD%D1%8B%D0%BC%20%D0%B4%D0%BE%D1%81%D1%82%D0%B8%D0%B6%D0%B5%D0%BD%D0%B8%D1%8F%D0%BC%20%D0%B2%20%D0%BC%D0%B5%D0%B4%D0%B8%D1%86%D0%B8%D0%BD%D0%B5%20%D0%B8%20%D1%80%D0%B5%D0%B2%D0%BE%D0%BB%D1%8E%D1%86%D0%B8%D0%BE%D0%BD%D0%BD%D1%8B%D0%BC%20%D0%BC%D0%B5%D1%82%D0%BE%D0%B4%D0%B0%D0%BC%20%D0%BB%D0%B5%D1%87%D0%B5%D0%BD%D0%B8%D1%8F%20%D0%B2%20%D0%9A%D0%B0%D0%B7%D0%B0%D1%85%D1%81%D1%82%D0%B0%D0%BD%D0%B5.%20%D0%9F%D1%80%D0%BE%D0%B5%D0%BA%D1%82%20%D0%BE%20%D0%BF%D0%BE%D1%81%D0%BB%D0%B5%D0%B4%D0%BD%D0%B8%D1%85%20%D0%BC%D0%B5%D0%B4%D0%B8%D1%86%D0%B8%D0%BD%D1%81%D0%BA%D0%B8%D1%85%20%D0%BE%D1%82%D0%BA%D1%80%D1%8B%D1%82%D0%B8%D1%8F%D1%85,%20%D0%BD%D0%BE%D0%B2%D0%B5%D0%B9%D1%88%D0%B8%D1%85%20%D0%BB%D0%B5%D1%87%D0%B5%D0%B1%D0%BD%D1%8B%D1%85%20%D0%BF%D1%80%D0%B5%D0%BF%D0%B0%D1%80%D0%B0%D1%82%D0%B0%D1%85%20%D0%B8%20%D1%82%D0%B5%D1%85%D0%BD%D0%BE%D0%BB%D0%BE%D0%B3%D0%B8%D1%8F%D1%85,%20%D0%BA%D0%BE%D1%82%D0%BE%D1%80%D1%8B%D0%B5%20%D0%BF%D1%80%D0%B8%D0%BC%D0%B5%D0%BD%D1%8F%D1%8E%D1%82%D1%81%D1%8F%20%D0%B2%20%D0%9A%D0%B0%D0%B7%D0%B0%D1%85%D1%81%D1%82%D0%B0%D0%BD%D0%B5.%20%D0%9C%D1%8B%20%D0%BF%D1%80%D0%B5%D0%B4%D1%81%D1%82%D0%B0%D0%B2%D0%B8%D0%BC%20%D0%B7%D1%80%D0%B8%D1%82%D0%B5%D0%BB%D1%8F%D0%BC%20%D0%BF%D0%BE%D1%80%D1%82%D1%80%D0%B5%D1%82%D1%8B%20%D0%B2%D1%8B%D0%B4%D0%B0%D1%8E%D1%89%D0%B8%D1%85%D1%81%D1%8F%20%D0%B2%D1%80%D0%B0%D1%87%D0%B5%D0%B9,%20%D0%B2%D1%8B%D0%BF%D0%BE%D0%BB%D0%BD%D1%8F%D1%8E%D1%89%D0%B8%D1%85%20%D1%81%D0%BB%D0%BE%D0%B6%D0%BD%D0%B5%D0%B9%D1%88%D0%B8%D0%B5%20%D0%BE%D0%BF%D0%B5%D1%80%D0%B0%D1%86%D0%B8%D0%B8%20%D0%B8%20%D0%B4%D0%BE%D1%81%D1%82%D0%B8%D0%B3%D1%88%D0%B8%D1%85%20%D0%B2%D1%8B%D1%81%D0%BE%D0%BA%D0%B8%D1%85%20%D1%80%D0%B5%D0%B7%D1%83%D0%BB%D1%8C%D1%82%D0%B0%D1%82%D0%BE%D0%B2%20%D0%B2%20%D0%BB%D0%B5%D1%87%D0%B5%D0%BD%D0%B8%D0%B8%20%D1%80%D0%B0%D0%B7%D0%BB%D0%B8%D1%87%D0%BD%D1%8B%D1%85%20%D0%B7%D0%B0%D0%B1%D0%BE%D0%BB%D0%B5%D0%B2%D0%B0%D0%BD%D0%B8%D0%B9.&location=https://tv7.kz/ru/live/&trp=true&sprop=name:tv7.kz 
2024-09-09 09:53:41,391 INFO: Ignoring link (url length > 2083): http://www.google.com/calendar/event?action=TEMPLATE&text=%D0%A2/%D1%81%20%C2%AB%D0%9F%D0%BE%D1%87%D1%82%D0%B8%20%D1%81%D0%B5%D0%BC%D0%B5%D0%B9%D0%BD%D1%8B%D0%B9%20%D0%B4%D0%B5%D1%82%D0%B5%D0%BA%D1%82%D0%B8%D0%B2%C2%BB&dates=20240915T110000Z+06/20240915T110000Z+06&details=%D0%90%D0%B2%D1%82%D0%BE%D1%80%20%D0%B4%D0%B5%D1%82%D0%B5%D0%BA%D1%82%D0%B8%D0%B2%D0%BE%D0%B2%20%D0%93%D0%B0%D0%BD%D0%BD%D0%B0%20%D0%B4%D0%B0%D0%B6%D0%B5%20%D1%81%D0%BF%D1%83%D1%81%D1%82%D1%8F%20%D0%B3%D0%BE%D0%B4%D1%8B%20%D0%B1%D0%BE%D1%8F%D0%BB%D0%B0%D1%81%D1%8C%20%D0%BF%D1%80%D0%B8%D0%B7%D0%BD%D0%B0%D1%82%D1%8C%D1%81%D1%8F%20%D1%81%D0%B5%D0%B1%D0%B5,%20%D1%87%D1%82%D0%BE%20%D0%B2%D1%81%D0%B5%20%D0%B5%D1%89%D0%B5%20%D0%BB%D1%8E%D0%B1%D0%B8%D1%82%20%D1%83%D1%81%D0%BF%D0%B5%D1%88%D0%BD%D0%BE%D0%B3%D0%BE%20%D0%B1%D0%B8%D0%B7%D0%BD%D0%B5%D1%81%D0%BC%D0%B5%D0%BD%D0%B0%20%D0%98%D0%BB%D1%8C%D1%8E%20%D0%93%D0%B0%D0%BB%D0%B8%D1%86%D0%BA%D0%BE%D0%B3%D0%BE.%20%D0%9A%D0%BE%D0%B3%D0%B4%D0%B0-%D1%82%D0%BE%20%D0%BC%D0%B5%D0%B6%D0%B4%D1%83%20%D0%BD%D0%B0%D1%87%D0%B8%D0%BD%D0%B0%D1%8E%D1%89%D0%B5%D0%B9%20%D1%80%D0%BE%D0%BC%D0%B0%D0%BD%D0%B8%D1%81%D1%82%D0%BA%D0%BE%D0%B9%20%D0%B8%20%D0%B6%D0%B5%D0%BD%D0%B0%D1%82%D1%8B%D0%BC%20%D0%B2%D0%BB%D0%B0%D0%B4%D0%B5%D0%BB%D1%8C%D1%86%D0%B5%D0%BC%20%D0%B8%D0%B7%D0%B4%D0%B0%D1%82%D0%B5%D0%BB%D1%8C%D1%81%D0%BA%D0%BE%D0%B3%D0%BE%20%D0%B4%D0%BE%D0%BC%D0%B0%20%D1%81%D0%BB%D1%83%D1%87%D0%B8%D0%BB%D1%81%D1%8F%20%D1%80%D0%BE%D0%BC%D0%B0%D0%BD.%20%D0%91%D0%BE%D0%BB%D0%B5%D0%B5%20%D0%B4%D0%B5%D1%81%D1%8F%D1%82%D0%B8%20%D0%BB%D0%B5%D1%82%20%D0%BD%D0%B0%D0%B7%D0%B0%D0%B4,%20%D0%BD%D0%B5%20%D0%B6%D0%B5%D0%BB%D0%B0%D1%8F%20%D0%B4%D0%B5%D0%BB%D0%B8%D1%82%D1%8C%20%D0%BB%D1%8E%D0%B1%D0%B8%D0%BC%D0%BE%D0%B3%D0%BE%20%D0%BC%D1%83%D0%B6%D1%87%D0%B8%D0%BD%D1%83%20%D1%81%20%D0%B5%D0%B3%D0%BE%20%D0%B6%D0%B5%D0%BD%D0%BE%D0%B9,%20%D0%93%D0%B0%D0%BD%D0%BD%D0%B0,%20%D0%BD%D0%B5%D1%81%D0%BC%D0%BE%D1%82%D1%80%D1%8F%20%D0%BD%D0%B0%20%D0%B1%D0%B5%D1%80%D0%B5%D0%BC%D0%B5%D0%BD%D0%BD%D0%BE%D1%81%D1%82%D1%8C,%20%D1%80%D0%B0%D0%B7%D0%BE%D1%80%D0%B2%D0%B0%D0%BB%D0%B0%20%D0%BE%D1%82%D0%BD%D0%BE%D1%88%D0%B5%D0%BD%D0%B8%D1%8F%20%D1%81%20%D0%93%D0%B0%D0%BB%D0%B8%D1%86%D0%BA%D0%B8%D0%BC.%20%D0%9A%D0%BE%D0%B3%D0%B4%D0%B0%20%D0%B6%D0%B5%20%D0%BD%D0%B0%20%D0%98%D0%BB%D1%8C%D1%8E%20%D0%BF%D0%B0%D0%B4%D0%B0%D0%B5%D1%82%20%D0%BF%D0%BE%D0%B4%D0%BE%D0%B7%D1%80%D0%B5%D0%BD%D0%B8%D0%B5%20%D0%B2%20%D1%83%D0%B1%D0%B8%D0%B9%D1%81%D1%82%D0%B2%D0%B5%20%D0%BB%D1%8E%D0%B1%D0%BE%D0%B2%D0%BD%D0%B8%D0%BA%D0%B0%20%D0%B5%D0%B3%D0%BE%20%D1%81%D1%83%D0%BF%D1%80%D1%83%D0%B3%D0%B8,%20%D0%93%D0%B0%D0%BD%D0%BD%D0%B0,%20%D0%BD%D0%B5%20%D1%80%D0%B0%D0%B7%D0%B4%D1%83%D0%BC%D1%8B%D0%B2%D0%B0%D1%8F,%20%D1%80%D0%B5%D1%88%D0%B0%D0%B5%D1%82%20%D0%B5%D0%BC%D1%83%20%D0%BF%D0%BE%D0%BC%D0%BE%D1%87%D1%8C%20%D0%B8%20%D0%BD%D0%B0%D1%87%D0%B8%D0%BD%D0%B0%D0%B5%D1%82%20%D1%81%D0%BE%D0%B1%D1%81%D1%82%D0%B2%D0%B5%D0%BD%D0%BD%D0%BE%D0%B5%20%D1%80%D0%B0%D1%81%D1%81%D0%BB%D0%B5%D0%B4%D0%BE%D0%B2%D0%B0%D0%BD%D0%B8%D0%B5%E2%80%A6&location=https://tv7.kz/ru/live/&trp=true&sprop=name:tv7.kz 
2024-09-09 09:53:41,391 INFO: Ignoring link (url length > 2083): http://www.google.com/calendar/event?action=TEMPLATE&text=%D0%96%D0%B5%D1%82%D1%96%D0%BD%D1%88%D1%96%20%D1%81%D1%82%D1%83%D0%B4%D0%B8%D1%8F&dates=20240915T190000Z+06/20240915T190000Z+06&details=%C2%AB%D0%96%D0%B5%D1%82%D1%96%D0%BD%D1%88%D1%96%20%D1%81%D1%82%D1%83%D0%B4%D0%B8%D1%8F%C2%BB%20%E2%80%94%20%D1%82%D0%BE%D0%BA-%D1%88%D0%BE%D1%83%20%D1%81%20%D0%B2%D0%B5%D0%B4%D1%83%D1%89%D0%B8%D0%BC%20%D0%9D%D0%B0%D1%80%D1%82%D0%B0%D0%B5%D0%BC%20%D0%90%D1%80%D0%B0%D0%BB%D0%B1%D0%B0%D0%B9%D1%83%D0%BB%D1%8B,%20%D0%BA%D0%BE%D1%82%D0%BE%D1%80%D0%BE%D0%B5%20%D0%BE%D1%85%D0%B2%D0%B0%D1%82%D1%8B%D0%B2%D0%B0%D0%B5%D1%82%20%D0%B0%D0%BA%D1%82%D1%83%D0%B0%D0%BB%D1%8C%D0%BD%D1%8B%D0%B5%20%D1%81%D0%BE%D0%B1%D1%8B%D1%82%D0%B8%D1%8F%20%D0%B8%20%D0%BA%D0%BB%D1%8E%D1%87%D0%B5%D0%B2%D1%8B%D0%B5%20%D0%B2%D0%BE%D0%BF%D1%80%D0%BE%D1%81%D1%8B%20%D0%BF%D0%BE%D0%BB%D0%B8%D1%82%D0%B8%D0%BA%D0%B8.%20%D0%92%D0%B5%D0%B4%D1%83%D1%89%D0%B8%D0%B9%20%D0%BE%D0%B1%D1%81%D1%83%D0%B6%D0%B4%D0%B0%D0%B5%D1%82%20%D1%82%D0%B0%D0%BA%D0%B8%D0%B5%20%D1%82%D0%B5%D0%BC%D1%8B,%20%D0%BA%D0%B0%D0%BA%20%D0%BC%D0%B5%D0%B6%D0%B4%D1%83%D0%BD%D0%B0%D1%80%D0%BE%D0%B4%D0%BD%D1%8B%D0%B5%20%D0%BE%D1%82%D0%BD%D0%BE%D1%88%D0%B5%D0%BD%D0%B8%D1%8F,%20%D1%8D%D0%BA%D0%BE%D0%BD%D0%BE%D0%BC%D0%B8%D1%87%D0%B5%D1%81%D0%BA%D0%B8%D0%B5%20%D1%82%D1%80%D0%B5%D0%BD%D0%B4%D1%8B,%20%D1%81%D0%BE%D1%86%D0%B8%D0%B0%D0%BB%D1%8C%D0%BD%D1%8B%D0%B5%20%D0%B8%D0%B7%D0%BC%D0%B5%D0%BD%D0%B5%D0%BD%D0%B8%D1%8F.%20%D0%97%D1%80%D0%B8%D1%82%D0%B5%D0%BB%D0%B8%20%D0%B8%D0%BC%D0%B5%D1%8E%D1%82%20%D0%B2%D0%BE%D0%B7%D0%BC%D0%BE%D0%B6%D0%BD%D0%BE%D1%81%D1%82%D1%8C%20%D1%83%D1%87%D0%B0%D1%81%D1%82%D0%B2%D0%BE%D0%B2%D0%B0%D1%82%D1%8C%20%D0%B2%20%D0%BF%D0%B5%D1%80%D0%B5%D0%B4%D0%B0%D1%87%D0%B5%20%D1%87%D0%B5%D1%80%D0%B5%D0%B7%20%D1%81%D0%BE%D1%86%D0%B8%D0%B0%D0%BB%D1%8C%D0%BD%D1%8B%D0%B5%20%D1%81%D0%B5%D1%82%D0%B8,%20%D0%BE%D1%82%D0%BF%D1%80%D0%B0%D0%B2%D0%BB%D1%8F%D1%8F%20%D1%81%D0%B2%D0%BE%D0%B8%20%D0%BA%D0%BE%D0%BC%D0%BC%D0%B5%D0%BD%D1%82%D0%B0%D1%80%D0%B8%D0%B8%20%D0%B8%20%D0%BF%D1%80%D0%B5%D0%B4%D0%BB%D0%BE%D0%B6%D0%B5%D0%BD%D0%B8%D1%8F.&location=https://tv7.kz/ru/live/&trp=true&sprop=name:tv7.kz 
2024-09-09 09:53:41,392 INFO: Ignoring link (url length > 2083): http://www.google.com/calendar/event?action=TEMPLATE&text=Late%20night%20show%20with%20%D0%94%D0%B8%D0%BD%D0%B0%D1%80%D0%B0%20%D0%A1%D0%B0%D1%82%D0%B6%D0%B0%D0%BD&dates=20240915T225000Z+06/20240915T225000Z+06&details=%C2%ABLate%20night%20show%20with%20%D0%94%D0%B8%D0%BD%D0%B0%D1%80%D0%B0%20%D0%A1%D0%B0%D1%82%D0%B6%D0%B0%D0%BD%C2%BB%20%E2%80%94%20%D1%8D%D1%82%D0%BE%20%D1%80%D0%B0%D0%B7%D0%B2%D0%BB%D0%B5%D0%BA%D0%B0%D1%82%D0%B5%D0%BB%D1%8C%D0%BD%D0%BE%D0%B5%20%D1%88%D0%BE%D1%83,%20%D0%B3%D0%B4%D0%B5%20%D0%BF%D1%80%D0%B8%D0%B3%D0%BB%D0%B0%D1%88%D0%B5%D0%BD%D0%BD%D1%8B%D0%B5%20%D0%B3%D0%BE%D1%81%D1%82%D0%B8%20%D0%B1%D0%B5%D1%81%D0%B5%D0%B4%D1%83%D1%8E%D1%82%20%D1%81%20%D0%B2%D0%B5%D0%B4%D1%83%D1%89%D0%B5%D0%B9%20%D0%BF%D1%80%D0%BE%D0%B5%D0%BA%D1%82%D0%B0,%20%D1%80%D0%B0%D1%81%D1%81%D0%BA%D0%B0%D0%B7%D1%8B%D0%B2%D0%B0%D1%8E%D1%82%20%D0%BE%20%D1%81%D0%B2%D0%BE%D0%B5%D0%B9%20%D1%80%D0%B0%D0%B1%D0%BE%D1%82%D0%B5,%20%D0%B6%D0%B8%D0%B7%D0%BD%D0%B8%20%D0%B8%D0%BB%D0%B8%20%D0%BC%D0%BE%D0%B3%D1%83%D1%82%20%D1%83%D1%87%D0%B0%D1%81%D1%82%D0%B2%D0%BE%D0%B2%D0%B0%D1%82%D1%8C%20%D0%B2%20%D0%BA%D0%BE%D0%BC%D0%B5%D0%B4%D0%B8%D0%B9%D0%BD%D1%8B%D1%85%20%D1%81%D0%B5%D0%B3%D0%BC%D0%B5%D0%BD%D1%82%D0%B0%D1%85.%20%D0%92%D0%B5%D0%B4%D1%83%D1%89%D0%B0%D1%8F%20%D0%B8%20%D0%B5%D0%B5%20%D0%BA%D0%BE%D0%BC%D0%B0%D0%BD%D0%B4%D0%B0%20%D0%BF%D1%80%D0%B5%D0%B4%D1%81%D1%82%D0%B0%D0%B2%D0%BB%D1%8F%D1%8E%D1%82%20%D1%80%D0%B0%D0%B7%D0%BB%D0%B8%D1%87%D0%BD%D1%8B%D0%B5%20%D1%8E%D0%BC%D0%BE%D1%80%D0%B8%D1%81%D1%82%D0%B8%D1%87%D0%B5%D1%81%D0%BA%D0%B8%D0%B5%20%D1%81%D1%86%D0%B5%D0%BD%D0%B0%D1%80%D0%B8%D0%B8,%20%D1%81%D0%BA%D0%B5%D1%82%D1%87%D0%B8,%20%D0%BF%D0%B0%D1%80%D0%BE%D0%B4%D0%B8%D0%B8%20%D0%B8%D0%BB%D0%B8%20%D0%B8%D0%B3%D1%80%D1%8B,%20%D0%BA%D0%BE%D1%82%D0%BE%D1%80%D1%8B%D0%B5%20%D0%BC%D0%BE%D0%B3%D1%83%D1%82%20%D0%B1%D1%8B%D1%82%D1%8C%20%D1%81%D0%B2%D1%8F%D0%B7%D0%B0%D0%BD%D1%8B%20%D1%81%20%D0%B0%D0%BA%D1%82%D1%83%D0%B0%D0%BB%D1%8C%D0%BD%D1%8B%D0%BC%D0%B8%20%D1%81%D0%BE%D0%B1%D1%8B%D1%82%D0%B8%D1%8F%D0%BC%D0%B8%20%D0%B8%D0%BB%D0%B8%20%D0%BF%D1%80%D0%BE%D1%81%D1%82%D0%BE%20%D1%81%D0%BB%D1%83%D0%B6%D0%B8%D1%82%D1%8C%20%D0%B4%D0%BB%D1%8F%20%D1%80%D0%B0%D0%B7%D0%B2%D0%BB%D0%B5%D1%87%D0%B5%D0%BD%D0%B8%D1%8F%20%D0%B7%D1%80%D0%B8%D1%82%D0%B5%D0%BB%D0%B5%D0%B9.&location=https://tv7.kz/ru/live/&trp=true&sprop=name:tv7.kz 
2024-09-09 09:53:41,648 INFO: Контент отсутствует для http://ayu.edu.kz/birimler/en/4-muhendislik-fakultesi/tum_haberler
2024-09-09 09:53:41,665 INFO: Заголовок отсутствует для https://economy.kz
2024-09-09 09:53:41,685 WARNING: Новость добавлена в базу: http://kazniilha.kz/content/otmecheny-luchshie-lidery-ppo
2024-09-09 09:53:42,379 WARNING: Новость добавлена в базу: http://kazniilha.kz/content/opredelenie-gidrologicheskoy-roli-temnohvoynyh-lesov-rudnogo-altaya
2024-09-09 09:53:42,537 INFO: Контент отсутствует для https://dknews.kz/contacts
2024-09-09 09:53:42,651 INFO: Контент отсутствует для http://kk.ef-ca.kz/o_fonde/sotrudniki
2024-09-09 09:53:42,728 WARNING: Remote certificate is not valid for hostname "www.zonakz.net"; VerificationError(errors=[DNSMismatch(mismatched_id=DNS_ID(hostname=b'www.zonakz.net'))])
2024-09-09 09:53:42,805 INFO: Контент отсутствует для http://ayu.edu.kz/tr/4265/yesevi-universitesi-gazetesi/
2024-09-09 09:53:42,868 INFO: Контент отсутствует для https://angime.kz/about/
2024-09-09 09:53:43,090 INFO: Заголовок отсутствует для https://economy.kz/ru/Nacionalnyj_kontaktnyj_centr/Ob_NKC/
2024-09-09 09:53:43,326 INFO: Заголовок отсутствует для https://dknews.kz/advertising
2024-09-09 09:53:43,384 WARNING: Новость добавлена в базу: http://kazniilha.kz/content/vliyanie-sostava-lesnyh-nasaghdeniy-na-vlaghnosty-pochvy
2024-09-09 09:53:43,732 INFO: Ссылка уже существует в базе TEMP: https://tan.kz/archives/2748
2024-09-09 09:53:43,840 INFO: Контент отсутствует для http://ayu.edu.kz/ru/4265/yesevi-universitesi-gazetesi
2024-09-09 09:53:44,192 INFO: Контент отсутствует для https://allbanks.kz/obmenniki/taldykorgan
2024-09-09 09:53:44,350 INFO: Ссылка уже существует в базе TEMP: https://dknews.kz/ru/v-strane/338410-v-astane-proshla-pervaya-zarubezhnaya-prezentaciya
2024-09-09 09:53:44,384 INFO: Ссылка уже существует в базе TEMP: https://economy.kz/?p=7146
2024-09-09 09:53:44,554 INFO: Ссылка уже существует в базе TEMP: https://angime.kz/rastayal-li-led-mezhdu-zagitovoi-i-medvedevoi/
2024-09-09 09:53:44,561 INFO: Контент отсутствует для https://pospeliha.ru/page/1725
2024-09-09 09:53:44,751 INFO: Контент отсутствует для http://kk.ef-ca.kz/o_fonde/sotrudniki/page/2/
2024-09-09 09:53:45,188 INFO: Контент отсутствует для https://tenderbot.kz/pages/contacts
2024-09-09 09:53:45,316 INFO: Дата отсутствует для http://ayu.edu.kz/kz/4265/yesevi-universitesi-gazetesi/
2024-09-09 09:53:45,347 WARNING: Новость добавлена в базу: http://kazniilha.kz/content/usilenaohranahvoynyh-molodnyakov
2024-09-09 09:53:45,413 INFO: Заголовок отсутствует для https://edu-tradeunion.kz/kk/
2024-09-09 09:53:45,475 WARNING: Новость добавлена в базу: https://tan.kz/archives/646
2024-09-09 09:53:45,736 INFO: Ссылка уже существует в базе TEMP: https://dknews.kz/ru/v-strane/338392-face-id-v-poliklinikah-novyy-etap-v-zdravoohranenii
2024-09-09 09:53:46,199 WARNING: Новость добавлена в базу: http://kazniilha.kz/content/o-sostoyanii-zelenyh-nasaghdeniy-goroda-aktobe
2024-09-09 09:53:46,301 INFO: Заголовок отсутствует для https://kyzmet-gazeti.kz/
2024-09-09 09:53:46,485 INFO: Контент отсутствует для http://kk.ef-ca.kz/o_fonde/sotrudniki/
2024-09-09 09:53:46,764 INFO: Контент отсутствует для https://pospeliha.ru/page/30
2024-09-09 09:53:46,787 INFO: Ссылка уже существует в базе TEMP: https://tan.kz/archives/2748?amp=1
2024-09-09 09:53:46,846 INFO: Контент отсутствует для http://ayu.edu.kz/birimler/en/0-ahmet-yesevi-universitesi
2024-09-09 09:53:46,962 INFO: Ссылка уже существует в базе TEMP: https://economy.kz/?p=7161
2024-09-09 09:53:47,141 INFO: Ссылка уже существует в базе TEMP: https://angime.kz/denis-ten-sochi-pervaya-bronza/
2024-09-09 09:53:47,498 WARNING: Новость добавлена в базу: http://kazniilha.kz/content/s-dnem-nezavisimosti-respubliki-kazahstan
2024-09-09 09:53:47,510 INFO: Ссылка уже существует в базе TEMP: https://dknews.kz/ru/dk-life/338395-ioi-2024-kazahstanskie-shkolniki-zavoevali-medali
2024-09-09 09:53:47,560 INFO: Контент отсутствует для https://allbanks.kz/news/index/page:5587
2024-09-09 09:53:48,297 INFO: Ссылка уже существует в базе TEMP: https://lenta.profinansy.ru/selections/2119392
2024-09-09 09:53:48,334 INFO: Контент отсутствует для http://kazniilha.kz/content/ob-institute
2024-09-09 09:53:48,347 INFO: Дата отсутствует для http://kazniilha.kz/content/istoriya/lang-
2024-09-09 09:53:48,359 INFO: Дата отсутствует для http://kazniilha.kz/content/nauchnaya-deyatelynosty/lang-
2024-09-09 09:53:48,516 INFO: Заголовок отсутствует для https://umarovnews.kz/ru/
2024-09-09 09:53:48,556 INFO: Контент отсутствует для http://ayu.edu.kz/birimler/en/4-muhendislik-fakultesi/tum_duyurular
2024-09-09 09:53:48,628 INFO: Контент отсутствует для http://kazniilha.kz/content/administraciya/lang-
2024-09-09 09:53:48,638 INFO: Контент отсутствует для http://kazniilha.kz/content/struktura-instituta
2024-09-09 09:53:48,782 INFO: Заголовок отсутствует для http://kk.ef-ca.kz/news/fond/page/26/
2024-09-09 09:53:49,254 WARNING: Новость добавлена в базу: http://kazniilha.kz/content/vosstanovity-lesa-oblasti-abay-pomogut-uchenye
2024-09-09 09:53:49,280 INFO: Контент отсутствует для http://kazniilha.kz/content/9388-07-03-19-12-00-32-novosti/start-144
2024-09-09 09:53:49,300 INFO: Контент отсутствует для http://kazniilha.kz/content/9388-07-03-19-12-00-32-novosti/start-126
2024-09-09 09:53:49,319 INFO: Контент отсутствует для http://kazniilha.kz/content/9388-07-03-19-12-00-32-novosti/start-162
2024-09-09 09:53:49,535 INFO: Контент отсутствует для https://tenderbot.kz/pages/about
2024-09-09 09:53:49,648 INFO: Ссылка уже существует в базе TEMP: https://economy.kz/?p=8052
2024-09-09 09:53:49,667 WARNING: Новость добавлена в базу: https://edu-tradeunion.kz/kk/press/press-area/10707/
2024-09-09 09:53:49,680 INFO: Контент отсутствует для https://pospeliha.ru/page/1723
2024-09-09 09:53:49,699 INFO: Контент отсутствует для https://tan.kz/archives/tag/%d0%bd%d0%be%d0%b2%d0%be%d1%81%d1%82%d0%b8-%d1%88%d1%8b%d0%bc%d0%ba%d0%b5%d0%bd%d1%82%d0%b0
2024-09-09 09:53:49,899 WARNING: Remote certificate is not valid for hostname "www.nv.kz"; VerificationError(errors=[DNSMismatch(mismatched_id=DNS_ID(hostname=b'www.nv.kz'))])
2024-09-09 09:53:49,971 WARNING: Новость добавлена в базу: http://kazniilha.kz/content/12-aprelyadeny-rabotnikov-nauki
2024-09-09 09:53:50,053 WARNING: Новость добавлена в базу: http://kazniilha.kz/content/s-meghdunarodnaya-ghenskim-dnem
2024-09-09 09:53:50,067 WARNING: Новость добавлена в базу: http://kazniilha.kz/content/9605-22-04-24-11-31-47-nauryz-meyramy-tty-bolsyn
2024-09-09 09:53:50,086 WARNING: Новость добавлена в базу: http://kazniilha.kz/content/vizit-delegacii-ministerstva-lesnogo-hozyaystva-respubliki-belarusy
2024-09-09 09:53:50,104 WARNING: Новость добавлена в базу: http://kazniilha.kz/content/v-deny-nauki-otmecheny-luchshie
2024-09-09 09:53:50,119 INFO: Дата отсутствует для http://kazniilha.kz/content/tekuschie-napravleniya-issledovaniy
2024-09-09 09:53:50,143 INFO: Ссылка уже существует в базе TEMP: https://dknews.kz/ru/sport/338416-v-astane-prohodit-ceremoniya-otkrytiya-vsemirnyh-igr
2024-09-09 09:53:50,151 INFO: Контент отсутствует для https://www.moscowtimes.io/page/rss
2024-09-09 09:53:50,160 INFO: Заголовок отсутствует для http://kk.ef-ca.kz/news/fond/page/7/
2024-09-09 09:53:50,295 INFO: Ссылка уже существует в базе TEMP: https://angime.kz/%d0%ba%d0%b0%d0%b7%d0%b0%d1%85%d1%81%d1%82%d0%b0%d0%bd-%d1%84%d1%80%d0%b0%d0%bd%d1%86%d0%b8%d1%8f/
2024-09-09 09:53:50,301 INFO: Заголовок отсутствует для https://kyzmet-gazeti.kz/page/433
2024-09-09 09:53:50,960 INFO: Ссылка уже существует в базе TEMP: http://kazniilha.kz/content/akciya-po-posadke-derevyev-v-g-akkoly-akmolinskoy-oblasti
2024-09-09 09:53:50,977 WARNING: Новость добавлена в базу: http://kazniilha.kz/content/sozdanie-zelenogo-poyasa-vokrug-g-turkestan
2024-09-09 09:53:51,057 WARNING: Новость добавлена в базу: https://umarovnews.kz/ru/blog/item/139-v-akimate-uralska-chinovnik-vydal-sluzhebnuyu-kvartiru-svoey-zhene.html
2024-09-09 09:53:51,226 INFO: Контент отсутствует для http://ayu.edu.kz/birimler/ru/4-muhendislik-fakultesi/
2024-09-09 09:53:51,830 INFO: Контент отсутствует для https://pospeliha.ru/page/1722
2024-09-09 09:53:51,858 WARNING: Новость добавлена в базу: https://tan.kz/archives/646?amp=1
2024-09-09 09:53:51,866 INFO: Контент отсутствует для https://economy.kz/?author=247281907
2024-09-09 09:53:51,925 INFO: Заголовок отсутствует для http://kk.ef-ca.kz/news/fond/page/5/
2024-09-09 09:53:52,747 INFO: Контент отсутствует для http://ayu.edu.kz/birimler/en/4-muhendislik-fakultesi/
2024-09-09 09:53:52,847 INFO: Ссылка уже существует в базе TEMP: https://lenta.profinansy.ru/selections/2118526
2024-09-09 09:53:53,022 INFO: Контент отсутствует для https://www.moscowtimes.io/page/about-us
2024-09-09 09:53:53,033 INFO: Контент отсутствует для https://dknews.kz/ru/dk-it
2024-09-09 09:53:53,054 INFO: Заголовок отсутствует для http://kazniilha.kz/
2024-09-09 09:53:53,064 INFO: Контент отсутствует для http://kazniilha.kz/content/nauchnye-otdely
2024-09-09 09:53:53,170 INFO: Контент отсутствует для http://ayu.edu.kz/kz/birimler/
2024-09-09 09:53:53,207 INFO: Заголовок отсутствует для https://edu-tradeunion.kz/kk/yourquestions/
2024-09-09 09:53:53,967 INFO: Заголовок отсутствует для http://kk.ef-ca.kz/news/fond/page/24/
2024-09-09 09:53:54,060 INFO: Ссылка уже существует в базе TEMP: https://angime.kz/astana-tobol-draw/
2024-09-09 09:53:55,519 INFO: Контент отсутствует для https://economy.kz/?author=247281839
2024-09-09 09:53:55,542 INFO: Контент отсутствует для https://pospeliha.ru/page/60
2024-09-09 09:53:55,623 INFO: Ссылка уже существует в базе TEMP: http://kazniilha.kz/content/kruglyy-stol-po-rassmotreniyu-perspektivnyh-napravleniy-nauchnyh-issle
2024-09-09 09:53:55,635 INFO: Ссылка уже существует в базе TEMP: http://kazniilha.kz/content/uchastie-v-nacionalynom-treninge-po-vsemirnomu-obzoru-prirodoohrannyh
2024-09-09 09:53:55,687 INFO: Заголовок отсутствует для https://kyzmet-gazeti.kz/page/3
2024-09-09 09:53:56,589 INFO: Контент отсутствует для https://dknews.kz/ru/dk-avto
2024-09-09 09:53:56,616 INFO: Ссылка уже существует в базе TEMP: https://edu-tradeunion.kz/kk/press/press-area/10703/
2024-09-09 09:53:56,626 INFO: Заголовок отсутствует для https://lenta.profinansy.ru/children-and-parents
2024-09-09 09:53:56,654 WARNING: Новость добавлена в базу: https://tan.kz/archives/5710
2024-09-09 09:53:56,688 WARNING: Новость добавлена в базу: https://umarovnews.kz/ru/blog/item/146-kak-v-uralske-zemelnyy-uchastok-ploshchadyu-2-2-gektara-za-steloy-okazalsya-v-chastnoy-sobstvennosti.html
2024-09-09 09:53:56,736 INFO: Заголовок отсутствует для http://kk.ef-ca.kz/news/fond/page/10/
2024-09-09 09:53:56,860 INFO: Контент отсутствует для http://ayu.edu.kz/birimler/kz/4-muhendislik-fakultesi/
2024-09-09 09:53:56,975 INFO: Контент отсутствует для http://ayu.edu.kz/birimler/tr/4-muhendislik-fakultesi/
2024-09-09 09:53:57,892 INFO: Контент отсутствует для https://www.moscowtimes.io/rss/ft
2024-09-09 09:53:57,899 INFO: Ссылка уже существует в базе TEMP: http://kazniilha.kz/content/kruglyy-stol-s-predstavitelyami-biznesa-i-gosudarstvennyh-uchreghdeniy
2024-09-09 09:53:57,909 INFO: Ссылка уже существует в базе TEMP: http://kazniilha.kz/content/provedenie-nauchnyh-issledovaniy-v-lesnyh-nasaghdeniyah-too-astana-orm
2024-09-09 09:53:58,486 INFO: Контент отсутствует для http://ayu.edu.kz/birimler/en/4-muhendislik-fakultesi/iletisim
2024-09-09 09:53:58,498 INFO: Контент отсутствует для http://ayu.edu.kz/birimler/en/4-muhendislik-fakultesi/onemli-bilgiler
2024-09-09 09:53:58,611 WARNING: Remote certificate is not valid for hostname "astanazan.kz"; Certificate does not contain any `subjectAltName`s.
2024-09-09 09:53:58,870 INFO: Ссылка уже существует в базе TEMP: https://economy.kz/?p=7170
2024-09-09 09:53:58,877 INFO: Контент отсутствует для https://pospeliha.ru/page/50
2024-09-09 09:53:58,894 INFO: Контент отсутствует для https://allbanks.kz/news/index/page:5586
2024-09-09 09:53:59,123 WARNING: Новость добавлена в базу: http://kk.ef-ca.kz/news/fond/QOLDA_30__2021_zhyldy_1631_tamyz
2024-09-09 09:53:59,491 INFO: Заголовок отсутствует для https://hantengrigazeti.kz/
2024-09-09 09:54:00,406 INFO: Контент отсутствует для https://dknews.kz/ru/dk-life
2024-09-09 09:54:00,436 INFO: Ссылка уже существует в базе TEMP: https://edu-tradeunion.kz/kk/press/press-area/10704/
2024-09-09 09:54:00,479 INFO: Заголовок отсутствует для https://lenta.profinansy.ru/features
2024-09-09 09:54:00,527 WARNING: Новость добавлена в базу: https://tan.kz/archives/5713
2024-09-09 09:54:00,570 WARNING: Новость добавлена в базу: https://umarovnews.kz/ru/blog/item/74-v-zko-fermera-obvinyayut-v-nezakonnom-lishenii-svobody-treh-chelovek.html
2024-09-09 09:54:00,579 INFO: Дата отсутствует для http://kazniilha.kz/content/otdellesovedeniya-i-lesovodstva
2024-09-09 09:54:00,732 INFO: Заголовок отсутствует для https://kyzmet-gazeti.kz/page/431
2024-09-09 09:54:00,942 INFO: Дата отсутствует для https://atr.sud.kz/kaz/news
2024-09-09 09:54:01,272 WARNING: Remote certificate is not valid for hostname "ru.zhambylnews.kz"; Certificate does not contain any `subjectAltName`s.
2024-09-09 09:54:01,431 INFO: Контент отсутствует для https://tenderbot.kz/pages/tendernoe-soprovozhdenie
2024-09-09 09:54:01,602 INFO: Контент отсутствует для http://ayu.edu.kz/birimler/en/4-muhendislik-fakultesi/egitim-ve-ogretim
2024-09-09 09:54:01,621 INFO: Ссылка уже существует в базе TEMP: http://kazniilha.kz/content/sotrudnikami-otdela-selekcii-too-kazniilha-byli-provedeny-raboty-po-ti
2024-09-09 09:54:01,660 WARNING: Новость добавлена в базу: http://kk.ef-ca.kz/news/fond/QOLDA_30__2021_zhyldy_115_yrkyeg
2024-09-09 09:54:02,868 INFO: Ссылка уже существует в базе TEMP: https://economy.kz/?p=2981
2024-09-09 09:54:03,221 INFO: Ссылка уже существует в базе TEMP: http://kazniilha.kz/content/raboty-po-mikroklonalynomu-razmnogheniyu-drevesno-kustarnikovyh-vidov
2024-09-09 09:54:03,262 INFO: Заголовок отсутствует для https://ozgepikir.kz/
2024-09-09 09:54:03,782 INFO: Контент отсутствует для http://ayu.edu.kz/birimler/en/4-muhendislik-fakultesi/akademik-personel
2024-09-09 09:54:03,919 WARNING: Remote certificate is not valid for hostname "ecogosfond.kz"; VerificationError(errors=[DNSMismatch(mismatched_id=DNS_ID(hostname=b'ecogosfond.kz'))])
2024-09-09 09:54:03,922 WARNING: Remote certificate is not valid for hostname "ecogosfond.kz"; VerificationError(errors=[DNSMismatch(mismatched_id=DNS_ID(hostname=b'ecogosfond.kz'))])
2024-09-09 09:54:03,952 WARNING: Remote certificate is not valid for hostname "kk.ef-ca.kz"; Certificate does not contain any `subjectAltName`s.
2024-09-09 09:54:04,082 INFO: Заголовок отсутствует для http://kk.ef-ca.kz/news/fond/page/6/
2024-09-09 09:54:04,467 INFO: Контент отсутствует для https://atr.sud.kz/rus/sudschedule
2024-09-09 09:54:04,534 INFO: Контент отсутствует для https://dknews.kz/ru/shelkovyy-put
2024-09-09 09:54:04,561 INFO: Ссылка уже существует в базе TEMP: https://edu-tradeunion.kz/kk/press/press-area/10705/
2024-09-09 09:54:04,572 INFO: Заголовок отсутствует для https://lenta.profinansy.ru/youtube
2024-09-09 09:54:04,610 INFO: Контент отсутствует для http://ayu.edu.kz/birimler/en/231-elektrik-muhendisligi-bolumu
2024-09-09 09:54:04,627 INFO: Ссылка уже существует в базе TEMP: http://kazniilha.kz/content/uchastie-too-kazniilha-v-kachestve-soorganizatora-v-meghdunarodnom-sem
2024-09-09 09:54:05,367 WARNING: Remote certificate is not valid for hostname "en.ef-ca.kz"; Certificate does not contain any `subjectAltName`s.
2024-09-09 09:54:06,412 INFO: Ссылка уже существует в базе TEMP: http://kazniilha.kz/content/obsledovanie-ozelenitelynyh-nasaghdeniy-g-nur-sultan
2024-09-09 09:54:06,437 INFO: Заголовок отсутствует для https://kyzmet-gazeti.kz/page/6
2024-09-09 09:54:06,473 WARNING: Новость добавлена в базу: https://hantengrigazeti.kz/archives/13937
2024-09-09 09:54:06,557 WARNING: Новость добавлена в базу: http://kk.ef-ca.kz/news/fond/QOLDA_30__2021_zhyldy_1630_yrkye
2024-09-09 09:54:06,584 INFO: Ссылка уже существует в базе TEMP: https://akylkenes.kz/cases/tajny-i-mistika-gory-shasta/
2024-09-09 09:54:07,046 INFO: Ignoring link (url length > 2083): http://<style>            #pdfp66de7f6a1b601%20.title%20%7B%20%20font-size:%2016px;%20%7D%23pdfp66de7f6a1b601%20iframe%20%7B%20%20height:%201122px;%20%7D%23pdfp66de7f6a1b601%20%7B%20%20width:%20100%;%20%7D%23pdfp66de7f6a1d8ce%20.title%20%7B%20%20font-size:%2016px;%20%7D%23pdfp66de7f6a1d8ce%20iframe%20%7B%20%20height:%201122px;%20%7D%23pdfp66de7f6a1d8ce%20%7B%20%20width:%20100%;%20%7D%23pdfp66de7f6a23ae3%20.title%20%7B%20%20font-size:%2016px;%20%7D%23pdfp66de7f6a23ae3%20iframe%20%7B%20%20height:%201122px;%20%7D%23pdfp66de7f6a23ae3%20%7B%20%20width:%20100%;%20%7D%20%20%20%20%20%20%20%20%20%20%20%20%20%20%20%20%20%20%20%20%20%20%20%20%20%20%20%20%20%20%20%20%3C/style%3E%20%20%20%20%20%20%20%20%20%20%20%20%20%20%20%20%3Cdiv%20id=%22pdfp66de7f6a23ae3%22%20class=%22pdfp_wrapper%20%22%20data-infos=%22%7B%22protect%22:false,%22alert%22:true,%22adobeOptions%22:%5B%5D%7D%22%3E%20%20%20%20%20%20%20%20%20%20%20%20%3Cdiv%20class=%22cta_wrapper%22%3E%20%20%20%20%20%20%20%20%20%20%20%20%20%20%20%20%20%20%20%20%20%20%20%20%20%20%20%20%20%20%20%20%20%20%20%20%20%20%20%20%20%20%20%20%20%20%20%20%20%20%20%20%20%20%20%20%20%20%20%20%20%20%20%20%3Ca%20class=%22pdfp_fullscreen%22%20target=%22_self%22%20href=%22https://arasha.kz/wp-content/plugins/pdf-poster/pdfjs-new/web/viewer.html?file=https://arasha.kz/wp-content/uploads/2021/04/arasha-sajlau-1.pdf&nobaki=false&z=auto&stdono=&onlypdf=&raw=&fullscreen=1&sidebarOpen=false&side=false&open=false&hrscroll=%23page=0%22%3E%3Cbutton%3EView%20Fullscreen%3C/button%3E%3C/a%3E%20%20%20%20%20%20%20%20%20%20%20%20%20%20%20%20%20%20%20%20%20%20%20%20%20%20%20%20%3C/div%3E%20%20%20%20%20%20%20%20%20%20%20%20%3Cdiv%20class=%22iframe_wrapper%22%20%3E%20%20%20%20%20%20%20%20%20%20%20%20%20%20%20%20%3Cspan%20class=%22close%22%3E%C3%97%3C/span%3E%20%20%20%20%20%20%20%20%20%20%20%20%20%20%20%20%3Ciframe%20%20id=%22frame-pdfp66de7f6a23ae3%22%20class=%22pdfp_iframe%22%20width=%22100%%22%20height=%221122px%22%20data-source=%22https://arasha.kz/wp-content/plugins/pdf-poster/pdfjs-new/web/viewer.html?file=https://arasha.kz/wp-content/uploads/2021/04/arasha-sajlau-1.pdf&nobaki=false&z=auto&stdono=&onlypdf=&raw=&fullscreen=1&sidebarOpen=false&side=false&open=false&hrscroll=%23page=0&new%22%20src=%22https://arasha.kz/wp-content/plugins/pdf-poster/pdfjs-new/web/viewer.html?file=https://arasha.kz/wp-content/uploads/2021/04/arasha-sajlau-1.pdf&nobaki=false&z=auto&stdono=&onlypdf=&raw=&fullscreen=1&sidebarOpen=false&side=false&open=false&hrscroll=%23page=0%22%3E%3C/iframe%3E%20%20%20%20%20%20%20%20%20%20%20%20%3C/div%3E%20%20%20%20%3C/div%3E 
2024-09-09 09:54:07,050 INFO: Контент отсутствует для http://ayu.edu.kz/birimler/en/231-bilgisayar-muhendisligi-bolumu
2024-09-09 09:54:07,138 WARNING: Новость добавлена в базу: https://tan.kz/archives/5699
2024-09-09 09:54:07,167 WARNING: Новость добавлена в базу: https://umarovnews.kz/ru/blog/item/141-po-faktu-vydachi-chinovnikom-iz-akimata-uralska-sluzhebnoy-kvartiry-svoey-zhene-nachata-proverka-po-porucheniyu-akima-zko.html
2024-09-09 09:54:07,277 INFO: Ссылка уже существует в базе TEMP: https://dknews.kz/ru/sport/338385-paralimpiada-2024-v-parizhe-medali-sbornoy-kazahstana
2024-09-09 09:54:07,294 INFO: Ссылка уже существует в базе TEMP: https://angime.kz/top-5-eurovision-songs-2021/
2024-09-09 09:54:07,332 INFO: Ссылка уже существует в базе TEMP: https://angime.kz/kazakhstan-ukraine-10-facts/
2024-09-09 09:54:07,697 INFO: Заголовок отсутствует для https://grr.kz/
2024-09-09 09:54:07,842 INFO: Контент отсутствует для https://pospeliha.ru/page/1721
2024-09-09 09:54:07,873 INFO: Ссылка уже существует в базе TEMP: https://economy.kz/?p=8154
2024-09-09 09:54:07,889 INFO: Ссылка уже существует в базе TEMP: https://www.moscowtimes.io/2021/06/11/protiv-aktivista-pavla-krisevicha-vozbudili-delo-iz-za-aktsii-protiv-repressii-a105509
2024-09-09 09:54:07,910 INFO: Контент отсутствует для https://allbanks.kz/obmenniki/taldykorgan/limit:100/sort:ExchangeOffice.CNY_sale/direction:asc
2024-09-09 09:54:08,511 INFO: Заголовок отсутствует для https://www.kazenergy.com/ru/operation/ned/2117/
2024-09-09 09:54:08,540 INFO: Ссылка уже существует в базе TEMP: https://economy.kz/?p=2986
2024-09-09 09:54:08,562 WARNING: Новость добавлена в базу: https://ozgepikir.kz/?p=6335
2024-09-09 09:54:08,779 INFO: Контент отсутствует для http://ayu.edu.kz/birimler/en/4-muhendislik-fakultesi/kalite-komisyonu
2024-09-09 09:54:08,798 INFO: Ссылка уже существует в базе TEMP: http://kazniilha.kz/content/izuchenie-fitopatologicheskogo-i-entomologicheskogo-sostoyaniya-seyanc
2024-09-09 09:54:08,834 WARNING: Новость добавлена в базу: http://kk.ef-ca.kz/news/fond/QOLDA_30__2021_zhyldy_115_azany_
