2024-09-09 09:53:35,974 INFO: Есть подключение к БД: spider_3
2024-09-09 09:53:35,974 INFO: Allowed domains: ['agroinfo.kz', 'kokshetau.asia', 'lsm.kz', 'almaty.tv', 'bizmedia.kz', 'zhambylnews.kz', 'seykhuninfo.kz', 'ic24.kz', 'etoday.kz', 'gismeteo.kz', 'rudnyi-altai.kz', 'qazsporttv.kz', 'asylarna.kz', 'koreilbo.com', 'novgaz.com', 'uyguravazi.kazgazeta.kz', 'abai.kz', 'arasha.kz', 'dalanews.kz', 'minber.kz', 'ru.sputnik.kz', 'ortcom.kz', 'qamshy.kz', 'ras.kz', 'sayasat.kz']
2024-09-09 09:53:35,975 INFO: Enabled addons:
[]
2024-09-09 09:53:35,975 INFO: Telnet Password: 7c9cb8ddefc54286
2024-09-09 09:53:35,975 INFO: Enabled extensions:
['scrapy.extensions.corestats.CoreStats',
 'scrapy.extensions.telnet.TelnetConsole',
 'scrapy.extensions.memusage.MemoryUsage',
 'scrapy.extensions.logstats.LogStats']
2024-09-09 09:53:35,976 INFO: Overridden settings:
{'BOT_NAME': 'myproject',
 'CONCURRENT_ITEMS': 50,
 'CONCURRENT_REQUESTS': 50,
 'CONCURRENT_REQUESTS_PER_DOMAIN': 10,
 'DEPTH_LIMIT': 2,
 'DOWNLOAD_TIMEOUT': 20,
 'FEED_EXPORT_ENCODING': 'utf-8',
 'LOG_LEVEL': 'INFO',
 'NEWSPIDER_MODULE': 'myproject.spiders',
 'REACTOR_THREADPOOL_MAXSIZE': 20,
 'REQUEST_FINGERPRINTER_IMPLEMENTATION': '2.7',
 'RETRY_TIMES': 3,
 'SCHEDULER_PRIORITY_QUEUE': 'scrapy.pqueues.DownloaderAwarePriorityQueue',
 'SPIDER_MODULES': ['myproject.spiders'],
 'USER_AGENT': 'Mozilla/5.0 (Windows NT 10.0; Win64; x64) AppleWebKit/537.36 '
               '(KHTML, like Gecko) Chrome/58.0.3029.110 Safari/537.3'}
2024-09-09 09:53:35,977 INFO: Enabled downloader middlewares:
['scrapy.downloadermiddlewares.offsite.OffsiteMiddleware',
 'scrapy.downloadermiddlewares.httpauth.HttpAuthMiddleware',
 'scrapy.downloadermiddlewares.downloadtimeout.DownloadTimeoutMiddleware',
 'scrapy.downloadermiddlewares.defaultheaders.DefaultHeadersMiddleware',
 'scrapy.downloadermiddlewares.useragent.UserAgentMiddleware',
 'scrapy.downloadermiddlewares.retry.RetryMiddleware',
 'scrapy.downloadermiddlewares.redirect.MetaRefreshMiddleware',
 'scrapy.downloadermiddlewares.httpcompression.HttpCompressionMiddleware',
 'scrapy.downloadermiddlewares.redirect.RedirectMiddleware',
 'scrapy.downloadermiddlewares.cookies.CookiesMiddleware',
 'scrapy.downloadermiddlewares.httpproxy.HttpProxyMiddleware',
 'scrapy.downloadermiddlewares.stats.DownloaderStats']
2024-09-09 09:53:35,977 INFO: Enabled spider middlewares:
['scrapy.spidermiddlewares.httperror.HttpErrorMiddleware',
 'scrapy.spidermiddlewares.referer.RefererMiddleware',
 'scrapy.spidermiddlewares.urllength.UrlLengthMiddleware',
 'scrapy.spidermiddlewares.depth.DepthMiddleware']
2024-09-09 09:53:35,978 INFO: Enabled item pipelines:
[]
2024-09-09 09:53:35,978 INFO: Spider opened
2024-09-09 09:53:35,978 INFO: Crawled 0 pages (at 0 pages/min), scraped 0 items (at 0 items/min)
2024-09-09 09:53:35,980 INFO: Telnet console listening on 127.0.0.1:6026
2024-09-09 09:53:37,755 INFO: Заголовок отсутствует для https://kokshetau.asia
2024-09-09 09:53:37,950 INFO: Ссылка уже существует в базе TEMP: https://kokshetau.asia/v-regionah/ymer-korol-velikobritanii-charlz-iii-4/
2024-09-09 09:53:38,325 INFO: Заголовок отсутствует для https://bizmedia.kz/
2024-09-09 09:53:38,454 INFO: Ссылка уже существует в базе TEMP: https://kokshetau.asia/newskz/ekonomnews/prisvoenie-imen-v-astane-riad-shkol-nazvali-v-chest-izvestnyh-kazahstanskih-deiatelei/
2024-09-09 09:53:39,020 INFO: Дата отсутствует для https://kokshetau.asia/newskz/sbornaia-kazahstana-po-fytzaly-obygrala-argentiny-v-tovarisheskom-matche/
2024-09-09 09:53:39,370 INFO: Дата отсутствует для https://kokshetau.asia/newskz/kazahstan-predlojil-provodit-regyliarnye-tyrniry-po-etnosporty-sredi-turkskih-gosydarstv/
2024-09-09 09:53:39,604 INFO: Заголовок отсутствует для https://bizmedia.kz/stil-zhizni/sport/
2024-09-09 09:53:39,623 INFO: Дата отсутствует для https://kokshetau.asia/newskz/tymany-i-vysokaia-pojarnaia-opasnost-prognoz-pogody-v-kazahstane-na-9-sentiabria/
2024-09-09 09:53:39,855 INFO: Контент отсутствует для https://kokshetau.asia/newskz/ekonomnews/
2024-09-09 09:53:40,440 INFO: Дата отсутствует для https://kokshetau.asia/newskz/ekonomnews/vypadenie-detei-iz-okon-sovmestnye-ysiliia-dlia-bezopasnosti/
2024-09-09 09:53:40,878 INFO: Контент отсутствует для https://kokshetau.asia/spr/
2024-09-09 09:53:41,117 INFO: Заголовок отсутствует для https://qazsporttv.kz/kz/
2024-09-09 09:53:41,481 INFO: Ссылка уже существует в базе TEMP: https://bizmedia.kz/2024-08-27-kazahstanskaya-air-astana-nachnet-vypolnyat-rejsy-iz-shymkenta-v-dzhiddu/
2024-09-09 09:53:41,710 INFO: Контент отсутствует для https://kokshetau.asia/socnetwork/
2024-09-09 09:53:42,668 INFO: Ссылка уже существует в базе TEMP: https://qazsporttv.kz/ru/news/17829/
2024-09-09 09:53:42,839 INFO: Контент отсутствует для https://kokshetau.asia/kokshetaunews/mnenie/bloggery/
2024-09-09 09:53:43,313 INFO: Контент отсутствует для https://etoday.kz/category/business-and-economy/
2024-09-09 09:53:43,427 INFO: Контент отсутствует для https://kokshetau.asia/worldnews/
2024-09-09 09:53:44,359 INFO: Контент отсутствует для https://kokshetau.asia/newskz/
2024-09-09 09:53:44,445 INFO: Заголовок отсутствует для https://www.ortcom.kz/ru/
2024-09-09 09:53:44,580 INFO: Контент отсутствует для https://uyguravazi.kazgazeta.kz/redactionnews?page=2717
2024-09-09 09:53:45,279 INFO: Дата отсутствует для https://sayasat.kz/rules
2024-09-09 09:53:45,285 INFO: Контент отсутствует для https://kokshetau.asia/aqmolanews/
2024-09-09 09:53:46,330 INFO: Контент отсутствует для https://kokshetau.asia/kokshetaunews/
2024-09-09 09:53:46,461 INFO: Ссылка уже существует в базе TEMP: https://www.ortcom.kz/kk/infografika/1724931135
2024-09-09 09:53:46,737 INFO: Заголовок отсутствует для https://arasha.kz/ru/
2024-09-09 09:53:46,794 INFO: Дата отсутствует для https://sayasat.kz/about
2024-09-09 09:53:47,530 WARNING: Новость добавлена в базу: https://kokshetau.asia/glavnaya/
2024-09-09 09:53:47,571 INFO: Контент отсутствует для https://uyguravazi.kazgazeta.kz/redactionnews?page=10
2024-09-09 09:53:48,184 INFO: Заголовок отсутствует для https://kokshetau.asia/author/adminkokshe/
2024-09-09 09:53:48,206 INFO: Дата отсутствует для https://kokshetau.asia/newskz/kairat-ystypil-zenity-v-tovarisheskom-matche/
2024-09-09 09:53:48,384 WARNING: Новость добавлена в базу: https://www.ortcom.kz/ru/deyatelnost-glavy-gosudarstva/1725815730
2024-09-09 09:53:48,614 WARNING: Новость добавлена в базу: https://etoday.kz/business-and-economy/111541-v-briks-prinyali-saudovskuyu-araviyu-argentinu-egipet-oae-iran-i-efiopiyu/
2024-09-09 09:53:48,730 INFO: Дата отсутствует для https://kokshetau.asia/newskz/ekonomnews/kitai-inostrancy-ne-smogyt-ysynovliat-detei-milliardy-v-afriky-i-proryv-v-ochistke-grafita-inbusiness-kz/
2024-09-09 09:53:48,749 INFO: Дата отсутствует для https://kokshetau.asia/newskz/simonian-nazvala-dve-prichiny-sankcii-protiv-rt-i-rossii-segodnia/
2024-09-09 09:53:48,761 INFO: Дата отсутствует для https://kokshetau.asia/newskz/my-nachinaem-kvn-kakim-nam-zapomnitsia-aleksandr-masliakov/
2024-09-09 09:53:49,102 INFO: Ссылка уже существует в базе TEMP: https://kokshetau.asia/qazaqnews/densayly-sa-tay-ministrligi-j-ne-jas-densayly-sa-tay-k-shbasshylary-birinshi-forym-innovaciiany-yntalandyrady/
2024-09-09 09:53:49,138 INFO: Контент отсутствует для https://kokshetau.asia/qazaqnews/
2024-09-09 09:53:49,194 INFO: Контент отсутствует для https://kokshetau.asia/v-regionah/
2024-09-09 09:53:49,218 INFO: Ссылка уже существует в базе TEMP: https://kokshetau.asia/newskz/chto-nuzhno-znat-o-mobilnyh-perevodah-v-2024-godu/
2024-09-09 09:53:49,366 INFO: Контент отсутствует для https://abai.kz/
2024-09-09 09:53:49,753 WARNING: Новость добавлена в базу: https://kokshetau.asia/newskz/ekonomnews/kitai-snijenie-stavok-po-vkladam-rost-vnytrennego-tyrizma-i-alians-s-avtogigantami-evropy-inbusiness-kz/
2024-09-09 09:53:50,183 WARNING: Новость добавлена в базу: https://kokshetau.asia/newskz/ekonomnews/cena-na-neft-brent-dostigla-80-kakie-faktory-vliiaut-na-rost/
2024-09-09 09:53:50,193 INFO: Контент отсутствует для https://kokshetau.asia/inastana/
2024-09-09 09:53:50,335 WARNING: Новость добавлена в базу: https://arasha.kz/alem-jane-zan/qyqyqtyq-alandagy-qogam/sybaga-bagdarlamasy-ajasynda-ber-lgen-subsidija-qoldy-bolgan/
2024-09-09 09:53:50,945 WARNING: Новость добавлена в базу: https://agroinfo.kz/too-st-esembli-nachat-s-nulya-i-ne-ostanavlivatsya/
2024-09-09 09:53:51,034 INFO: Контент отсутствует для https://uyguravazi.kazgazeta.kz/redactionnews?page=2715
2024-09-09 09:53:51,806 INFO: Контент отсутствует для https://abai.kz/part/395
2024-09-09 09:53:51,816 INFO: Контент отсутствует для https://www.ortcom.kz/kk/novosti?subcategory=dlya-smi
2024-09-09 09:53:52,079 INFO: Заголовок отсутствует для https://lsm.kz/
2024-09-09 09:53:52,103 WARNING: Новость добавлена в базу: https://zhambylnews.kz/fotoreports/125839-zhambyldy-tar-majdangerler-ruhyna-ta-zym-etti-fotoreportazh.html
2024-09-09 09:53:53,264 WARNING: Новость добавлена в базу: https://etoday.kz/business-and-economy/111547-okolo-30-ot-itogovoj-stoimosti-vvozimyh-v-kazahstan-avtomobilej-sostavlyayut-poshliny-i-nalogi/
2024-09-09 09:53:53,865 INFO: Ссылка уже существует в базе TEMP: https://agroinfo.kz/acros-550-nadyozhnyj-i-proizvoditelnyj-zernouborochnyj-kombajn/
2024-09-09 09:53:53,997 INFO: Контент отсутствует для https://kokshetau.asia/kokshetaunews/page/192/
2024-09-09 09:53:54,009 INFO: Контент отсутствует для https://kokshetau.asia/kokshetaunews/page/2/
2024-09-09 09:53:54,036 INFO: Контент отсутствует для https://kokshetau.asia/kokshetaunews/page/3/
2024-09-09 09:53:54,089 INFO: Заголовок отсутствует для https://arasha.kz/ru/runews/prezident-ssha-kritikoval-dejstvija-netanjahu-po-osvobozhdeniju-zalozhnikov-v-gaze/
2024-09-09 09:53:54,582 INFO: Ссылка уже существует в базе TEMP: https://bizmedia.kz/2024-09-08-uspeshno-zavershayut-kazahstanskie-atlety-vystupleniya-na-paralimpiade-2024/
2024-09-09 09:53:55,040 INFO: Контент отсутствует для https://uyguravazi.kazgazeta.kz/redactionnews?page=13
2024-09-09 09:53:55,393 INFO: Заголовок отсутствует для https://www.ortcom.kz/?_locale=kk
2024-09-09 09:53:55,455 INFO: Ссылка уже существует в базе TEMP: https://zhambylnews.kz/lentanews/57423-zh-mys-berushilerdi-nazaryna.html
2024-09-09 09:53:55,483 INFO: Контент отсутствует для https://abai.kz/tos
2024-09-09 09:53:55,795 INFO: Ссылка уже существует в базе TEMP: https://bizmedia.kz/2024-09-05-kazahstan-zavoeval-pervoe-zoloto-na-paralimpiade-v-parizhe/
2024-09-09 09:53:55,806 INFO: Заголовок отсутствует для https://bizmedia.kz/2024-09-05-pochti-polovina-oproshennyh-kazahstanczev-schitaet-korrupcziyu-prichinoj-slabyh-rezultatov-na-olimpiade/
2024-09-09 09:53:56,694 INFO: Заголовок отсутствует для https://seykhuninfo.kz/kogam/
2024-09-09 09:53:56,954 INFO: Ссылка уже существует в базе TEMP: https://bizmedia.kz/2024-09-04-chislo-passazhirov-flyarystan-dostiglo-15-millionov/
2024-09-09 09:53:57,838 INFO: Контент отсутствует для https://kokshetau.asia/inastana/page/1772/
2024-09-09 09:53:57,861 INFO: Контент отсутствует для https://kokshetau.asia/inastana/page/3/
2024-09-09 09:53:58,030 INFO: Заголовок отсутствует для https://www.minber.kz/
2024-09-09 09:53:58,511 INFO: Заголовок отсутствует для https://arasha.kz/ru/kriminalnye-novosti/14-letnij-podrostok-ustroil-strelbu-v-shkole-ssha-4-pogibshih-30-ranenyh/
2024-09-09 09:53:58,904 INFO: Контент отсутствует для https://uyguravazi.kazgazeta.kz/redactionnews?page=12
2024-09-09 09:53:58,923 INFO: Ссылка уже существует в базе TEMP: https://www.ortcom.kz/en/infografika/1724931135
2024-09-09 09:53:58,934 INFO: Контент отсутствует для https://abai.kz/part/395?page=43
2024-09-09 09:53:59,530 WARNING: Новость добавлена в базу: https://agroinfo.kz/auyl-sharuashylygy-texnikasyn-zhanartu-%d2%afshin-zhyl-sajyn-fermerlerge-60-mlrd-tengege-dejin-karazhat-belu-zhosparlanuda/
2024-09-09 09:53:59,746 WARNING: Новость добавлена в базу: https://etoday.kz/business-and-economy/111625-laboratoriya-stop-kontrafakt-uznajte-kak-legko-opredelit-poddelku-motornogo-masla/
2024-09-09 09:54:00,289 INFO: Заголовок отсутствует для https://bizmedia.kz/tag/medina/
2024-09-09 09:54:00,884 INFO: Заголовок отсутствует для https://bizmedia.kz/tag/shymkent/
2024-09-09 09:54:00,916 WARNING: Новость добавлена в базу: https://zhambylnews.kz/news/respublik/125849-asym-zhomart-to-aev-zhe-is-k-nine-arnal-an-skeri-parad-a-atysty.html
2024-09-09 09:54:01,533 INFO: Контент отсутствует для https://kokshetau.asia/inastana/page/2/
2024-09-09 09:54:01,557 WARNING: Новость добавлена в базу: https://kokshetau.asia/inastana/mejdy-astanoi-i-selom-otemis-nachal-kyrsirovat-avtobys-6/
2024-09-09 09:54:01,573 INFO: Ссылка уже существует в базе TEMP: https://seykhuninfo.kz/video/6578-poyyz-astyna-tspek-bolan-adamdy-taryp-aldy-video.html
2024-09-09 09:54:02,880 INFO: Ссылка уже существует в базе TEMP: https://www.gismeteo.kz/news/klimat/pogoda-v-kazahstane-7-sentyabrya-ozhidajutsya-dozhdi-sneg-i-zamorozki/
2024-09-09 09:54:02,886 INFO: Контент отсутствует для https://uyguravazi.kazgazeta.kz/redactionnews?page=11
2024-09-09 09:54:02,904 INFO: Ссылка уже существует в базе TEMP: https://www.ortcom.kz/ru/infografika/1724931135
2024-09-09 09:54:02,914 INFO: Контент отсутствует для https://abai.kz/lt/tos
2024-09-09 09:54:03,298 INFO: Контент отсутствует для https://rudnyi-altai.kz/category/reklama/
2024-09-09 09:54:03,529 INFO: Контент отсутствует для https://uyguravazi.kazgazeta.kz/redactionnews?page=2716
2024-09-09 09:54:03,616 INFO: Контент отсутствует для https://sayasat.kz/contacts
2024-09-09 09:54:04,586 INFO: Заголовок отсутствует для https://asylarna.kz/kk/news
2024-09-09 09:54:04,599 INFO: Заголовок отсутствует для https://bizmedia.kz/tag/flyarystan/
2024-09-09 09:54:04,738 WARNING: Новость добавлена в базу: https://www.minber.kz/zhoba-zhane-esep/
2024-09-09 09:54:05,784 INFO: Ссылка уже существует в базе TEMP: https://sayasat.kz/post/aes-neobhodima-dlya-ukrepleniya-nezavisimosti
2024-09-09 09:54:06,272 WARNING: Новость добавлена в базу: https://kokshetau.asia/inastana/mejdy-astanoi-i-selom-otemis-nachal-kyrsirovat-avtobys-5/
2024-09-09 09:54:06,300 WARNING: Новость добавлена в базу: https://kokshetau.asia/inastana/eshe-odin-paradzudoist-prines-medal-sbornoi-kazahstana/
2024-09-09 09:54:06,991 INFO: Контент отсутствует для https://ortcom.kz/press/baspasoz-ortalygy.html
2024-09-09 09:54:07,040 INFO: Заголовок отсутствует для https://arasha.kz/sample-page/
2024-09-09 09:54:07,092 WARNING: Новость добавлена в базу: https://lsm.kz/nalogovyj-kodeks-predlagayut-prinyat-do-iyulya-sleduyushego-goda
2024-09-09 09:54:07,173 INFO: Заголовок отсутствует для https://lsm.kz/terms
2024-09-09 09:54:07,220 INFO: Заголовок отсутствует для https://seykhuninfo.kz/sayasat/
2024-09-09 09:54:07,233 INFO: Контент отсутствует для https://abai.kz/archive
2024-09-09 09:54:07,299 INFO: Контент отсутствует для https://abai.kz/part/67
2024-09-09 09:54:08,578 INFO: Ссылка уже существует в базе TEMP: https://seykhuninfo.kz/video/8520-dieta-toby-aytatyn-lyla-n-zbekt-me.html
2024-09-09 09:54:08,598 WARNING: Новость добавлена в базу: https://uyguravazi.kazgazeta.kz/news/51457
2024-09-09 09:54:08,605 INFO: Контент отсутствует для https://www.gismeteo.kz/page/contacts/
2024-09-09 09:54:08,619 INFO: Ссылка уже существует в базе TEMP: https://www.ortcom.kz/ru/infografika/1725351603
2024-09-09 09:54:08,850 INFO: Ссылка уже существует в базе TEMP: https://bizmedia.kz/2024-08-19-flyarystan-otkryvaet-prodazhu-biletov-na-osenne-zimnyuyu-navigacziyu/
2024-09-09 09:54:09,336 INFO: Ссылка уже существует в базе TEMP: https://www.ortcom.kz/kk/infografika/1725351603
2024-09-09 09:54:09,345 INFO: Контент отсутствует для https://ortcom.kz/press/index.html
